{"total": {"lines":{"total":369,"covered":103,"skipped":0,"pct":27.91},"statements":{"total":386,"covered":110,"skipped":0,"pct":28.5},"functions":{"total":153,"covered":26,"skipped":0,"pct":16.99},"branches":{"total":149,"covered":34,"skipped":0,"pct":22.82}}
,"C:\\Users\\ikwal\\code\\qasong\\frontend\\src\\functions.js": {"lines":{"total":83,"covered":24,"skipped":0,"pct":28.92},"functions":{"total":33,"covered":7,"skipped":0,"pct":21.21},"statements":{"total":87,"covered":26,"skipped":0,"pct":29.89},"branches":{"total":29,"covered":9,"skipped":0,"pct":31.03}}
,"C:\\Users\\ikwal\\code\\qasong\\frontend\\src\\components\\AppBar\\AppBar.js": {"lines":{"total":9,"covered":5,"skipped":0,"pct":55.56},"functions":{"total":5,"covered":2,"skipped":0,"pct":40},"statements":{"total":11,"covered":6,"skipped":0,"pct":54.55},"branches":{"total":4,"covered":2,"skipped":0,"pct":50}}
,"C:\\Users\\ikwal\\code\\qasong\\frontend\\src\\components\\AppBar\\Menu\\Menu.js": {"lines":{"total":18,"covered":9,"skipped":0,"pct":50},"functions":{"total":8,"covered":1,"skipped":0,"pct":12.5},"statements":{"total":18,"covered":9,"skipped":0,"pct":50},"branches":{"total":0,"covered":0,"skipped":0,"pct":100}}
,"C:\\Users\\ikwal\\code\\qasong\\frontend\\src\\components\\AppBar\\MusicSearch\\MusicSearch.js": {"lines":{"total":9,"covered":6,"skipped":0,"pct":66.67},"functions":{"total":4,"covered":2,"skipped":0,"pct":50},"statements":{"total":10,"covered":7,"skipped":0,"pct":70},"branches":{"total":0,"covered":0,"skipped":0,"pct":100}}
,"C:\\Users\\ikwal\\code\\qasong\\frontend\\src\\components\\HomeScreen\\HomeScreen.js": {"lines":{"total":1,"covered":1,"skipped":0,"pct":100},"functions":{"total":1,"covered":1,"skipped":0,"pct":100},"statements":{"total":1,"covered":1,"skipped":0,"pct":100},"branches":{"total":0,"covered":0,"skipped":0,"pct":100}}
,"C:\\Users\\ikwal\\code\\qasong\\frontend\\src\\components\\HomeScreen\\Settings\\Settings.js": {"lines":{"total":7,"covered":1,"skipped":0,"pct":14.29},"functions":{"total":5,"covered":0,"skipped":0,"pct":0},"statements":{"total":8,"covered":1,"skipped":0,"pct":12.5},"branches":{"total":0,"covered":0,"skipped":0,"pct":100}}
,"C:\\Users\\ikwal\\code\\qasong\\frontend\\src\\components\\HomeScreen\\WelcomeWindow\\WelcomeWindow.js": {"lines":{"total":5,"covered":1,"skipped":0,"pct":20},"functions":{"total":3,"covered":0,"skipped":0,"pct":0},"statements":{"total":6,"covered":1,"skipped":0,"pct":16.67},"branches":{"total":0,"covered":0,"skipped":0,"pct":100}}
,"C:\\Users\\ikwal\\code\\qasong\\frontend\\src\\components\\HomeScreen\\WelcomeWindow\\Content\\Content.js": {"lines":{"total":7,"covered":0,"skipped":0,"pct":0},"functions":{"total":2,"covered":0,"skipped":0,"pct":0},"statements":{"total":7,"covered":0,"skipped":0,"pct":0},"branches":{"total":0,"covered":0,"skipped":0,"pct":100}}
,"C:\\Users\\ikwal\\code\\qasong\\frontend\\src\\components\\NowPlayingArea\\NowPlayingArea.js": {"lines":{"total":24,"covered":13,"skipped":0,"pct":54.17},"functions":{"total":7,"covered":2,"skipped":0,"pct":28.57},"statements":{"total":25,"covered":14,"skipped":0,"pct":56},"branches":{"total":20,"covered":10,"skipped":0,"pct":50}}
,"C:\\Users\\ikwal\\code\\qasong\\frontend\\src\\components\\NowPlayingArea\\PreviousSongButton\\PreviousSongButton.js": {"lines":{"total":1,"covered":0,"skipped":0,"pct":0},"functions":{"total":1,"covered":0,"skipped":0,"pct":0},"statements":{"total":1,"covered":0,"skipped":0,"pct":0},"branches":{"total":0,"covered":0,"skipped":0,"pct":100}}
,"C:\\Users\\ikwal\\code\\qasong\\frontend\\src\\components\\NowPlayingArea\\ProgressBar\\ProgressBar.js": {"lines":{"total":2,"covered":0,"skipped":0,"pct":0},"functions":{"total":2,"covered":0,"skipped":0,"pct":0},"statements":{"total":2,"covered":0,"skipped":0,"pct":0},"branches":{"total":0,"covered":0,"skipped":0,"pct":100}}
,"C:\\Users\\ikwal\\code\\qasong\\frontend\\src\\components\\NowPlayingArea\\SkipSongButton\\SkipSongButton.js": {"lines":{"total":1,"covered":0,"skipped":0,"pct":0},"functions":{"total":1,"covered":0,"skipped":0,"pct":0},"statements":{"total":1,"covered":0,"skipped":0,"pct":0},"branches":{"total":0,"covered":0,"skipped":0,"pct":100}}
,"C:\\Users\\ikwal\\code\\qasong\\frontend\\src\\components\\NowPlayingArea\\VolumeController\\VolumeController.js": {"lines":{"total":6,"covered":1,"skipped":0,"pct":16.67},"functions":{"total":4,"covered":0,"skipped":0,"pct":0},"statements":{"total":6,"covered":1,"skipped":0,"pct":16.67},"branches":{"total":0,"covered":0,"skipped":0,"pct":100}}
,"C:\\Users\\ikwal\\code\\qasong\\frontend\\src\\components\\NowPlayingArea\\YoutubeIframe\\YoutubeIframe.js": {"lines":{"total":3,"covered":0,"skipped":0,"pct":0},"functions":{"total":1,"covered":0,"skipped":0,"pct":0},"statements":{"total":4,"covered":0,"skipped":0,"pct":0},"branches":{"total":4,"covered":0,"skipped":0,"pct":0}}
,"C:\\Users\\ikwal\\code\\qasong\\frontend\\src\\components\\PlaylistSection\\Playlist\\Playlist.js": {"lines":{"total":20,"covered":5,"skipped":0,"pct":25},"functions":{"total":14,"covered":2,"skipped":0,"pct":14.29},"statements":{"total":22,"covered":6,"skipped":0,"pct":27.27},"branches":{"total":10,"covered":5,"skipped":0,"pct":50}}
,"C:\\Users\\ikwal\\code\\qasong\\frontend\\src\\components\\PlaylistSection\\Playlist\\PlaylistItem\\PlaylistItem.js": {"lines":{"total":15,"covered":0,"skipped":0,"pct":0},"functions":{"total":5,"covered":0,"skipped":0,"pct":0},"statements":{"total":15,"covered":0,"skipped":0,"pct":0},"branches":{"total":2,"covered":0,"skipped":0,"pct":0}}
,"C:\\Users\\ikwal\\code\\qasong\\frontend\\src\\components\\QueueSection\\QueueSection.js": {"lines":{"total":19,"covered":9,"skipped":0,"pct":47.37},"functions":{"total":10,"covered":2,"skipped":0,"pct":20},"statements":{"total":20,"covered":9,"skipped":0,"pct":45},"branches":{"total":10,"covered":6,"skipped":0,"pct":60}}
,"C:\\Users\\ikwal\\code\\qasong\\frontend\\src\\components\\QueueSection\\ClearButton\\ClearButton.js": {"lines":{"total":1,"covered":0,"skipped":0,"pct":0},"functions":{"total":1,"covered":0,"skipped":0,"pct":0},"statements":{"total":1,"covered":0,"skipped":0,"pct":0},"branches":{"total":2,"covered":0,"skipped":0,"pct":0}}
,"C:\\Users\\ikwal\\code\\qasong\\frontend\\src\\components\\QueueSection\\ConfirmClearDialog\\ConfirmClearDialog.js": {"lines":{"total":4,"covered":0,"skipped":0,"pct":0},"functions":{"total":3,"covered":0,"skipped":0,"pct":0},"statements":{"total":4,"covered":0,"skipped":0,"pct":0},"branches":{"total":0,"covered":0,"skipped":0,"pct":100}}
,"C:\\Users\\ikwal\\code\\qasong\\frontend\\src\\components\\QueueSection\\DisplayModeButton\\DisplayModeButton.js": {"lines":{"total":4,"covered":0,"skipped":0,"pct":0},"functions":{"total":2,"covered":0,"skipped":0,"pct":0},"statements":{"total":4,"covered":0,"skipped":0,"pct":0},"branches":{"total":6,"covered":0,"skipped":0,"pct":0}}
,"C:\\Users\\ikwal\\code\\qasong\\frontend\\src\\components\\QueueSection\\PlayQueueButton\\PlayQueueButton.js": {"lines":{"total":3,"covered":0,"skipped":0,"pct":0},"functions":{"total":2,"covered":0,"skipped":0,"pct":0},"statements":{"total":3,"covered":0,"skipped":0,"pct":0},"branches":{"total":4,"covered":0,"skipped":0,"pct":0}}
,"C:\\Users\\ikwal\\code\\qasong\\frontend\\src\\components\\QueueSection\\QueueCard\\QueueCard.js": {"lines":{"total":30,"covered":2,"skipped":0,"pct":6.67},"functions":{"total":7,"covered":0,"skipped":0,"pct":0},"statements":{"total":31,"covered":2,"skipped":0,"pct":6.45},"branches":{"total":18,"covered":0,"skipped":0,"pct":0}}
,"C:\\Users\\ikwal\\code\\qasong\\frontend\\src\\components\\QueueSection\\QueueRow\\QueueRow.js": {"lines":{"total":31,"covered":2,"skipped":0,"pct":6.45},"functions":{"total":7,"covered":0,"skipped":0,"pct":0},"statements":{"total":32,"covered":2,"skipped":0,"pct":6.25},"branches":{"total":18,"covered":0,"skipped":0,"pct":0}}
,"C:\\Users\\ikwal\\code\\qasong\\frontend\\src\\components\\QueueSection\\SaveQueueButton\\SaveQueueButton.js": {"lines":{"total":2,"covered":0,"skipped":0,"pct":0},"functions":{"total":2,"covered":0,"skipped":0,"pct":0},"statements":{"total":2,"covered":0,"skipped":0,"pct":0},"branches":{"total":2,"covered":0,"skipped":0,"pct":0}}
,"C:\\Users\\ikwal\\code\\qasong\\frontend\\src\\components\\QueueSection\\ShuffleButton\\ShuffleButton.js": {"lines":{"total":4,"covered":0,"skipped":0,"pct":0},"functions":{"total":2,"covered":0,"skipped":0,"pct":0},"statements":{"total":4,"covered":0,"skipped":0,"pct":0},"branches":{"total":4,"covered":0,"skipped":0,"pct":0}}
,"C:\\Users\\ikwal\\code\\qasong\\frontend\\src\\components\\SearchResults\\GridView\\GridView.js": {"lines":{"total":3,"covered":1,"skipped":0,"pct":33.33},"functions":{"total":3,"covered":1,"skipped":0,"pct":33.33},"statements":{"total":3,"covered":1,"skipped":0,"pct":33.33},"branches":{"total":0,"covered":0,"skipped":0,"pct":100}}
,"C:\\Users\\ikwal\\code\\qasong\\frontend\\src\\components\\SearchResults\\GridView\\ResultCard\\ResultCard.js": {"lines":{"total":17,"covered":6,"skipped":0,"pct":35.29},"functions":{"total":5,"covered":2,"skipped":0,"pct":40},"statements":{"total":18,"covered":7,"skipped":0,"pct":38.89},"branches":{"total":8,"covered":1,"skipped":0,"pct":12.5}}
,"C:\\Users\\ikwal\\code\\qasong\\frontend\\src\\components\\SearchResults\\GridView\\ResultCard\\AddToQueueButton\\AddToQueueButton.js": {"lines":{"total":10,"covered":5,"skipped":0,"pct":50},"functions":{"total":3,"covered":1,"skipped":0,"pct":33.33},"statements":{"total":10,"covered":5,"skipped":0,"pct":50},"branches":{"total":0,"covered":0,"skipped":0,"pct":100}}
,"C:\\Users\\ikwal\\code\\qasong\\frontend\\src\\components\\SearchResults\\TableView\\TableView.js": {"lines":{"total":3,"covered":1,"skipped":0,"pct":33.33},"functions":{"total":3,"covered":1,"skipped":0,"pct":33.33},"statements":{"total":3,"covered":1,"skipped":0,"pct":33.33},"branches":{"total":0,"covered":0,"skipped":0,"pct":100}}
,"C:\\Users\\ikwal\\code\\qasong\\frontend\\src\\components\\SearchResults\\TableView\\ResultRow\\ResultRow.js": {"lines":{"total":17,"covered":6,"skipped":0,"pct":35.29},"functions":{"total":4,"covered":1,"skipped":0,"pct":25},"statements":{"total":17,"covered":6,"skipped":0,"pct":35.29},"branches":{"total":8,"covered":1,"skipped":0,"pct":12.5}}
,"C:\\Users\\ikwal\\code\\qasong\\frontend\\src\\components\\SearchResults\\TableView\\ResultRow\\AddToQueueButton\\AddToQueueButton.js": {"lines":{"total":10,"covered":5,"skipped":0,"pct":50},"functions":{"total":3,"covered":1,"skipped":0,"pct":33.33},"statements":{"total":10,"covered":5,"skipped":0,"pct":50},"branches":{"total":0,"covered":0,"skipped":0,"pct":100}}
}
