{"C:\\Users\\ikwal\\code\\qasong\\frontend\\src\\functions.js": {"path":"C:\\Users\\ikwal\\code\\qasong\\frontend\\src\\functions.js","statementMap":{"0":{"start":{"line":3,"column":16},"end":{"line":3,"column":45}},"1":{"start":{"line":6,"column":2},"end":{"line":6,"column":69}},"2":{"start":{"line":10,"column":2},"end":{"line":12,"column":3}},"3":{"start":{"line":11,"column":4},"end":{"line":11,"column":14}},"4":{"start":{"line":14,"column":2},"end":{"line":22,"column":7}},"5":{"start":{"line":17,"column":6},"end":{"line":17,"column":25}},"6":{"start":{"line":20,"column":6},"end":{"line":20,"column":19}},"7":{"start":{"line":21,"column":6},"end":{"line":21,"column":16}},"8":{"start":{"line":26,"column":2},"end":{"line":34,"column":7}},"9":{"start":{"line":29,"column":6},"end":{"line":29,"column":20}},"10":{"start":{"line":32,"column":6},"end":{"line":32,"column":19}},"11":{"start":{"line":33,"column":6},"end":{"line":33,"column":19}},"12":{"start":{"line":38,"column":2},"end":{"line":46,"column":7}},"13":{"start":{"line":41,"column":6},"end":{"line":41,"column":20}},"14":{"start":{"line":44,"column":6},"end":{"line":44,"column":19}},"15":{"start":{"line":45,"column":6},"end":{"line":45,"column":19}},"16":{"start":{"line":50,"column":2},"end":{"line":58,"column":7}},"17":{"start":{"line":53,"column":6},"end":{"line":53,"column":25}},"18":{"start":{"line":56,"column":6},"end":{"line":56,"column":65}},"19":{"start":{"line":57,"column":6},"end":{"line":57,"column":16}},"20":{"start":{"line":62,"column":2},"end":{"line":70,"column":7}},"21":{"start":{"line":65,"column":6},"end":{"line":65,"column":25}},"22":{"start":{"line":68,"column":6},"end":{"line":68,"column":65}},"23":{"start":{"line":69,"column":6},"end":{"line":69,"column":16}},"24":{"start":{"line":76,"column":26},"end":{"line":76,"column":59}},"25":{"start":{"line":78,"column":2},"end":{"line":81,"column":3}},"26":{"start":{"line":79,"column":4},"end":{"line":79,"column":44}},"27":{"start":{"line":80,"column":4},"end":{"line":80,"column":26}},"28":{"start":{"line":83,"column":2},"end":{"line":83,"column":37}},"29":{"start":{"line":87,"column":2},"end":{"line":87,"column":63}},"30":{"start":{"line":91,"column":19},"end":{"line":91,"column":72}},"31":{"start":{"line":91,"column":53},"end":{"line":91,"column":71}},"32":{"start":{"line":92,"column":2},"end":{"line":92,"column":18}},"33":{"start":{"line":96,"column":20},"end":{"line":96,"column":54}},"34":{"start":{"line":97,"column":2},"end":{"line":97,"column":29}},"35":{"start":{"line":98,"column":2},"end":{"line":98,"column":19}},"36":{"start":{"line":102,"column":20},"end":{"line":108,"column":4}},"37":{"start":{"line":103,"column":4},"end":{"line":107,"column":5}},"38":{"start":{"line":104,"column":6},"end":{"line":104,"column":29}},"39":{"start":{"line":106,"column":6},"end":{"line":106,"column":22}},"40":{"start":{"line":109,"column":2},"end":{"line":109,"column":29}},"41":{"start":{"line":110,"column":2},"end":{"line":110,"column":19}},"42":{"start":{"line":114,"column":20},"end":{"line":114,"column":75}},"43":{"start":{"line":114,"column":56},"end":{"line":114,"column":74}},"44":{"start":{"line":115,"column":2},"end":{"line":115,"column":29}},"45":{"start":{"line":116,"column":2},"end":{"line":116,"column":20}},"46":{"start":{"line":117,"column":2},"end":{"line":117,"column":19}},"47":{"start":{"line":121,"column":17},"end":{"line":121,"column":32}},"48":{"start":{"line":123,"column":2},"end":{"line":129,"column":5}},"49":{"start":{"line":124,"column":55},"end":{"line":124,"column":59}},"50":{"start":{"line":125,"column":4},"end":{"line":125,"column":16}},"51":{"start":{"line":126,"column":4},"end":{"line":128,"column":6}},"52":{"start":{"line":131,"column":2},"end":{"line":141,"column":5}},"53":{"start":{"line":140,"column":4},"end":{"line":140,"column":6}},"54":{"start":{"line":143,"column":2},"end":{"line":143,"column":14}},"55":{"start":{"line":148,"column":2},"end":{"line":152,"column":3}},"56":{"start":{"line":149,"column":4},"end":{"line":149,"column":16}},"57":{"start":{"line":151,"column":4},"end":{"line":151,"column":38}},"58":{"start":{"line":156,"column":14},"end":{"line":156,"column":48}},"59":{"start":{"line":158,"column":12},"end":{"line":158,"column":42}},"60":{"start":{"line":160,"column":2},"end":{"line":160,"column":25}},"61":{"start":{"line":162,"column":2},"end":{"line":162,"column":30}},"62":{"start":{"line":163,"column":2},"end":{"line":163,"column":17}},"63":{"start":{"line":164,"column":2},"end":{"line":164,"column":31}},"64":{"start":{"line":165,"column":2},"end":{"line":165,"column":25}},"65":{"start":{"line":169,"column":18},"end":{"line":169,"column":23}},"66":{"start":{"line":170,"column":2},"end":{"line":170,"column":44}},"67":{"start":{"line":170,"column":23},"end":{"line":170,"column":42}},"68":{"start":{"line":171,"column":2},"end":{"line":171,"column":19}},"69":{"start":{"line":175,"column":2},"end":{"line":175,"column":13}},"70":{"start":{"line":176,"column":2},"end":{"line":176,"column":15}},"71":{"start":{"line":180,"column":23},"end":{"line":182,"column":7}},"72":{"start":{"line":181,"column":4},"end":{"line":181,"column":32}},"73":{"start":{"line":184,"column":16},"end":{"line":184,"column":47}},"74":{"start":{"line":185,"column":18},"end":{"line":185,"column":56}},"75":{"start":{"line":187,"column":2},"end":{"line":191,"column":3}},"76":{"start":{"line":188,"column":4},"end":{"line":188,"column":41}},"77":{"start":{"line":190,"column":4},"end":{"line":190,"column":28}},"78":{"start":{"line":195,"column":2},"end":{"line":195,"column":20}},"79":{"start":{"line":195,"column":10},"end":{"line":195,"column":20}},"80":{"start":{"line":197,"column":2},"end":{"line":197,"column":60}},"81":{"start":{"line":201,"column":14},"end":{"line":201,"column":40}},"82":{"start":{"line":202,"column":16},"end":{"line":202,"column":49}},"83":{"start":{"line":203,"column":25},"end":{"line":203,"column":37}},"84":{"start":{"line":205,"column":2},"end":{"line":209,"column":3}},"85":{"start":{"line":206,"column":4},"end":{"line":206,"column":19}},"86":{"start":{"line":207,"column":9},"end":{"line":209,"column":3}},"87":{"start":{"line":208,"column":4},"end":{"line":208,"column":28}},"88":{"start":{"line":211,"column":2},"end":{"line":215,"column":3}},"89":{"start":{"line":212,"column":4},"end":{"line":212,"column":28}},"90":{"start":{"line":213,"column":9},"end":{"line":215,"column":3}},"91":{"start":{"line":214,"column":4},"end":{"line":214,"column":46}},"92":{"start":{"line":217,"column":2},"end":{"line":221,"column":3}},"93":{"start":{"line":218,"column":4},"end":{"line":218,"column":53}},"94":{"start":{"line":220,"column":4},"end":{"line":220,"column":44}}},"fnMap":{"0":{"name":"setDefaultToken","decl":{"start":{"line":5,"column":16},"end":{"line":5,"column":31}},"loc":{"start":{"line":5,"column":39},"end":{"line":7,"column":1}},"line":5},"1":{"name":"getYoutubeIdFromSearch","decl":{"start":{"line":9,"column":16},"end":{"line":9,"column":38}},"loc":{"start":{"line":9,"column":47},"end":{"line":23,"column":1}},"line":9},"2":{"name":"(anonymous_2)","decl":{"start":{"line":16,"column":10},"end":{"line":16,"column":11}},"loc":{"start":{"line":16,"column":22},"end":{"line":18,"column":5}},"line":16},"3":{"name":"(anonymous_3)","decl":{"start":{"line":19,"column":11},"end":{"line":19,"column":12}},"loc":{"start":{"line":19,"column":22},"end":{"line":22,"column":5}},"line":19},"4":{"name":"getNodeEnvironment","decl":{"start":{"line":25,"column":16},"end":{"line":25,"column":34}},"loc":{"start":{"line":25,"column":37},"end":{"line":35,"column":1}},"line":25},"5":{"name":"(anonymous_5)","decl":{"start":{"line":28,"column":10},"end":{"line":28,"column":11}},"loc":{"start":{"line":28,"column":22},"end":{"line":30,"column":5}},"line":28},"6":{"name":"(anonymous_6)","decl":{"start":{"line":31,"column":11},"end":{"line":31,"column":12}},"loc":{"start":{"line":31,"column":22},"end":{"line":34,"column":5}},"line":31},"7":{"name":"getBillboardTop100","decl":{"start":{"line":37,"column":16},"end":{"line":37,"column":34}},"loc":{"start":{"line":37,"column":37},"end":{"line":47,"column":1}},"line":37},"8":{"name":"(anonymous_8)","decl":{"start":{"line":40,"column":10},"end":{"line":40,"column":11}},"loc":{"start":{"line":40,"column":22},"end":{"line":42,"column":5}},"line":40},"9":{"name":"(anonymous_9)","decl":{"start":{"line":43,"column":11},"end":{"line":43,"column":12}},"loc":{"start":{"line":43,"column":22},"end":{"line":46,"column":5}},"line":43},"10":{"name":"getQueueFromIds","decl":{"start":{"line":49,"column":16},"end":{"line":49,"column":31}},"loc":{"start":{"line":49,"column":40},"end":{"line":59,"column":1}},"line":49},"11":{"name":"(anonymous_11)","decl":{"start":{"line":52,"column":10},"end":{"line":52,"column":11}},"loc":{"start":{"line":52,"column":22},"end":{"line":54,"column":5}},"line":52},"12":{"name":"(anonymous_12)","decl":{"start":{"line":55,"column":11},"end":{"line":55,"column":12}},"loc":{"start":{"line":55,"column":22},"end":{"line":58,"column":5}},"line":55},"13":{"name":"getFeed","decl":{"start":{"line":61,"column":16},"end":{"line":61,"column":23}},"loc":{"start":{"line":61,"column":40},"end":{"line":71,"column":1}},"line":61},"14":{"name":"(anonymous_14)","decl":{"start":{"line":64,"column":10},"end":{"line":64,"column":11}},"loc":{"start":{"line":64,"column":22},"end":{"line":66,"column":5}},"line":64},"15":{"name":"(anonymous_15)","decl":{"start":{"line":67,"column":11},"end":{"line":67,"column":12}},"loc":{"start":{"line":67,"column":22},"end":{"line":70,"column":5}},"line":67},"16":{"name":"getPlaylists","decl":{"start":{"line":75,"column":16},"end":{"line":75,"column":28}},"loc":{"start":{"line":75,"column":31},"end":{"line":84,"column":1}},"line":75},"17":{"name":"updatePlaylists","decl":{"start":{"line":86,"column":16},"end":{"line":86,"column":31}},"loc":{"start":{"line":86,"column":43},"end":{"line":88,"column":1}},"line":86},"18":{"name":"getPlaylist","decl":{"start":{"line":90,"column":16},"end":{"line":90,"column":27}},"loc":{"start":{"line":90,"column":32},"end":{"line":93,"column":1}},"line":90},"19":{"name":"(anonymous_19)","decl":{"start":{"line":91,"column":39},"end":{"line":91,"column":40}},"loc":{"start":{"line":91,"column":53},"end":{"line":91,"column":71}},"line":91},"20":{"name":"addPlaylist","decl":{"start":{"line":95,"column":16},"end":{"line":95,"column":27}},"loc":{"start":{"line":95,"column":41},"end":{"line":99,"column":1}},"line":95},"21":{"name":"updatePlaylist","decl":{"start":{"line":101,"column":16},"end":{"line":101,"column":30}},"loc":{"start":{"line":101,"column":52},"end":{"line":111,"column":1}},"line":101},"22":{"name":"(anonymous_22)","decl":{"start":{"line":102,"column":39},"end":{"line":102,"column":40}},"loc":{"start":{"line":102,"column":53},"end":{"line":108,"column":3}},"line":102},"23":{"name":"removePlaylist","decl":{"start":{"line":113,"column":16},"end":{"line":113,"column":30}},"loc":{"start":{"line":113,"column":35},"end":{"line":118,"column":1}},"line":113},"24":{"name":"(anonymous_24)","decl":{"start":{"line":114,"column":42},"end":{"line":114,"column":43}},"loc":{"start":{"line":114,"column":56},"end":{"line":114,"column":74}},"line":114},"25":{"name":"postPlaylistToDiscord","decl":{"start":{"line":120,"column":16},"end":{"line":120,"column":37}},"loc":{"start":{"line":120,"column":42},"end":{"line":144,"column":1}},"line":120},"26":{"name":"(anonymous_26)","decl":{"start":{"line":123,"column":38},"end":{"line":123,"column":39}},"loc":{"start":{"line":123,"column":48},"end":{"line":129,"column":3}},"line":123},"27":{"name":"(anonymous_27)","decl":{"start":{"line":138,"column":11},"end":{"line":138,"column":12}},"loc":{"start":{"line":138,"column":18},"end":{"line":141,"column":3}},"line":138},"28":{"name":"formatVideoTitle","decl":{"start":{"line":147,"column":16},"end":{"line":147,"column":32}},"loc":{"start":{"line":147,"column":39},"end":{"line":153,"column":1}},"line":147},"29":{"name":"copyCurrentURL","decl":{"start":{"line":155,"column":16},"end":{"line":155,"column":30}},"loc":{"start":{"line":155,"column":33},"end":{"line":166,"column":1}},"line":155},"30":{"name":"shuffle","decl":{"start":{"line":168,"column":16},"end":{"line":168,"column":23}},"loc":{"start":{"line":168,"column":31},"end":{"line":172,"column":1}},"line":168},"31":{"name":"(anonymous_31)","decl":{"start":{"line":170,"column":17},"end":{"line":170,"column":18}},"loc":{"start":{"line":170,"column":23},"end":{"line":170,"column":42}},"line":170},"32":{"name":"clear","decl":{"start":{"line":174,"column":16},"end":{"line":174,"column":21}},"loc":{"start":{"line":174,"column":29},"end":{"line":177,"column":1}},"line":174},"33":{"name":"getDurationFromQueue","decl":{"start":{"line":179,"column":16},"end":{"line":179,"column":36}},"loc":{"start":{"line":179,"column":44},"end":{"line":192,"column":1}},"line":179},"34":{"name":"(anonymous_34)","decl":{"start":{"line":180,"column":36},"end":{"line":180,"column":37}},"loc":{"start":{"line":180,"column":53},"end":{"line":182,"column":3}},"line":180},"35":{"name":"numberWithCommas","decl":{"start":{"line":194,"column":16},"end":{"line":194,"column":32}},"loc":{"start":{"line":194,"column":36},"end":{"line":198,"column":1}},"line":194},"36":{"name":"formatSeconds","decl":{"start":{"line":200,"column":16},"end":{"line":200,"column":29}},"loc":{"start":{"line":200,"column":39},"end":{"line":222,"column":1}},"line":200}},"branchMap":{"0":{"loc":{"start":{"line":10,"column":2},"end":{"line":12,"column":3}},"type":"if","locations":[{"start":{"line":10,"column":2},"end":{"line":12,"column":3}},{"start":{"line":10,"column":2},"end":{"line":12,"column":3}}],"line":10},"1":{"loc":{"start":{"line":56,"column":12},"end":{"line":56,"column":63}},"type":"binary-expr","locations":[{"start":{"line":56,"column":12},"end":{"line":56,"column":40}},{"start":{"line":56,"column":44},"end":{"line":56,"column":63}}],"line":56},"2":{"loc":{"start":{"line":61,"column":24},"end":{"line":61,"column":38}},"type":"default-arg","locations":[{"start":{"line":61,"column":37},"end":{"line":61,"column":38}}],"line":61},"3":{"loc":{"start":{"line":68,"column":12},"end":{"line":68,"column":63}},"type":"binary-expr","locations":[{"start":{"line":68,"column":12},"end":{"line":68,"column":40}},{"start":{"line":68,"column":44},"end":{"line":68,"column":63}}],"line":68},"4":{"loc":{"start":{"line":78,"column":2},"end":{"line":81,"column":3}},"type":"if","locations":[{"start":{"line":78,"column":2},"end":{"line":81,"column":3}},{"start":{"line":78,"column":2},"end":{"line":81,"column":3}}],"line":78},"5":{"loc":{"start":{"line":103,"column":4},"end":{"line":107,"column":5}},"type":"if","locations":[{"start":{"line":103,"column":4},"end":{"line":107,"column":5}},{"start":{"line":103,"column":4},"end":{"line":107,"column":5}}],"line":103},"6":{"loc":{"start":{"line":148,"column":2},"end":{"line":152,"column":3}},"type":"if","locations":[{"start":{"line":148,"column":2},"end":{"line":152,"column":3}},{"start":{"line":148,"column":2},"end":{"line":152,"column":3}}],"line":148},"7":{"loc":{"start":{"line":187,"column":2},"end":{"line":191,"column":3}},"type":"if","locations":[{"start":{"line":187,"column":2},"end":{"line":191,"column":3}},{"start":{"line":187,"column":2},"end":{"line":191,"column":3}}],"line":187},"8":{"loc":{"start":{"line":195,"column":2},"end":{"line":195,"column":20}},"type":"if","locations":[{"start":{"line":195,"column":2},"end":{"line":195,"column":20}},{"start":{"line":195,"column":2},"end":{"line":195,"column":20}}],"line":195},"9":{"loc":{"start":{"line":205,"column":2},"end":{"line":209,"column":3}},"type":"if","locations":[{"start":{"line":205,"column":2},"end":{"line":209,"column":3}},{"start":{"line":205,"column":2},"end":{"line":209,"column":3}}],"line":205},"10":{"loc":{"start":{"line":207,"column":9},"end":{"line":209,"column":3}},"type":"if","locations":[{"start":{"line":207,"column":9},"end":{"line":209,"column":3}},{"start":{"line":207,"column":9},"end":{"line":209,"column":3}}],"line":207},"11":{"loc":{"start":{"line":211,"column":2},"end":{"line":215,"column":3}},"type":"if","locations":[{"start":{"line":211,"column":2},"end":{"line":215,"column":3}},{"start":{"line":211,"column":2},"end":{"line":215,"column":3}}],"line":211},"12":{"loc":{"start":{"line":213,"column":9},"end":{"line":215,"column":3}},"type":"if","locations":[{"start":{"line":213,"column":9},"end":{"line":215,"column":3}},{"start":{"line":213,"column":9},"end":{"line":215,"column":3}}],"line":213},"13":{"loc":{"start":{"line":217,"column":2},"end":{"line":221,"column":3}},"type":"if","locations":[{"start":{"line":217,"column":2},"end":{"line":221,"column":3}},{"start":{"line":217,"column":2},"end":{"line":221,"column":3}}],"line":217}},"s":{"0":7,"1":0,"2":0,"3":0,"4":0,"5":0,"6":0,"7":0,"8":0,"9":0,"10":0,"11":0,"12":0,"13":0,"14":0,"15":0,"16":0,"17":0,"18":0,"19":0,"20":0,"21":0,"22":0,"23":0,"24":0,"25":0,"26":0,"27":0,"28":0,"29":0,"30":0,"31":0,"32":0,"33":0,"34":0,"35":0,"36":0,"37":0,"38":0,"39":0,"40":0,"41":0,"42":0,"43":0,"44":0,"45":0,"46":0,"47":0,"48":0,"49":0,"50":0,"51":0,"52":0,"53":0,"54":0,"55":1,"56":0,"57":1,"58":0,"59":0,"60":0,"61":0,"62":0,"63":0,"64":0,"65":0,"66":0,"67":0,"68":0,"69":0,"70":0,"71":1,"72":0,"73":1,"74":1,"75":1,"76":0,"77":1,"78":2,"79":1,"80":1,"81":2,"82":2,"83":2,"84":2,"85":2,"86":0,"87":0,"88":2,"89":0,"90":2,"91":0,"92":2,"93":2,"94":0},"f":{"0":0,"1":0,"2":0,"3":0,"4":0,"5":0,"6":0,"7":0,"8":0,"9":0,"10":0,"11":0,"12":0,"13":0,"14":0,"15":0,"16":0,"17":0,"18":0,"19":0,"20":0,"21":0,"22":0,"23":0,"24":0,"25":0,"26":0,"27":0,"28":1,"29":0,"30":0,"31":0,"32":0,"33":1,"34":0,"35":2,"36":2},"b":{"0":[0,0],"1":[0,0],"2":[0],"3":[0,0],"4":[0,0],"5":[0,0],"6":[0,1],"7":[0,1],"8":[1,1],"9":[2,0],"10":[0,0],"11":[0,2],"12":[0,2],"13":[2,0]},"_coverageSchema":"1a1c01bbd47fc00a2c39e90264f33305004495a9","hash":"410443ed38e0f2fb482824f2e02c209e2c939508"}
,"C:\\Users\\ikwal\\code\\qasong\\frontend\\src\\components\\AppBar\\AppBar.js": {"path":"C:\\Users\\ikwal\\code\\qasong\\frontend\\src\\components\\AppBar\\AppBar.js","statementMap":{"0":{"start":{"line":10,"column":18},"end":{"line":23,"column":3}},"1":{"start":{"line":10,"column":41},"end":{"line":23,"column":1}},"2":{"start":{"line":33,"column":36},"end":{"line":33,"column":47}},"3":{"start":{"line":35,"column":18},"end":{"line":35,"column":29}},"4":{"start":{"line":37,"column":2},"end":{"line":45,"column":18}},"5":{"start":{"line":38,"column":21},"end":{"line":40,"column":5}},"6":{"start":{"line":39,"column":6},"end":{"line":39,"column":55}},"7":{"start":{"line":42,"column":4},"end":{"line":42,"column":48}},"8":{"start":{"line":44,"column":4},"end":{"line":44,"column":64}},"9":{"start":{"line":44,"column":17},"end":{"line":44,"column":63}},"10":{"start":{"line":47,"column":2},"end":{"line":95,"column":4}}},"fnMap":{"0":{"name":"(anonymous_0)","decl":{"start":{"line":10,"column":29},"end":{"line":10,"column":30}},"loc":{"start":{"line":10,"column":41},"end":{"line":23,"column":1}},"line":10},"1":{"name":"QasongAppBar","decl":{"start":{"line":25,"column":24},"end":{"line":25,"column":36}},"loc":{"start":{"line":32,"column":3},"end":{"line":96,"column":1}},"line":32},"2":{"name":"(anonymous_2)","decl":{"start":{"line":37,"column":12},"end":{"line":37,"column":13}},"loc":{"start":{"line":37,"column":18},"end":{"line":45,"column":3}},"line":37},"3":{"name":"(anonymous_3)","decl":{"start":{"line":38,"column":21},"end":{"line":38,"column":22}},"loc":{"start":{"line":38,"column":28},"end":{"line":40,"column":5}},"line":38},"4":{"name":"(anonymous_4)","decl":{"start":{"line":44,"column":11},"end":{"line":44,"column":12}},"loc":{"start":{"line":44,"column":17},"end":{"line":44,"column":63}},"line":44}},"branchMap":{"0":{"loc":{"start":{"line":51,"column":22},"end":{"line":51,"column":67}},"type":"cond-expr","locations":[{"start":{"line":51,"column":40},"end":{"line":51,"column":62}},{"start":{"line":51,"column":65},"end":{"line":51,"column":67}}],"line":51},"1":{"loc":{"start":{"line":66,"column":43},"end":{"line":66,"column":63}},"type":"cond-expr","locations":[{"start":{"line":66,"column":54},"end":{"line":66,"column":57}},{"start":{"line":66,"column":60},"end":{"line":66,"column":63}}],"line":66}},"s":{"0":1,"1":1,"2":1,"3":1,"4":1,"5":0,"6":0,"7":0,"8":0,"9":0,"10":1},"f":{"0":1,"1":1,"2":0,"3":0,"4":0},"b":{"0":[0,1],"1":[0,1]},"_coverageSchema":"1a1c01bbd47fc00a2c39e90264f33305004495a9","hash":"e7645bfbf8cd1a63b0459d6b08be1bd9d38f75a8"}
,"C:\\Users\\ikwal\\code\\qasong\\frontend\\src\\components\\AppBar\\Menu\\Menu.js": {"path":"C:\\Users\\ikwal\\code\\qasong\\frontend\\src\\components\\AppBar\\Menu\\Menu.js","statementMap":{"0":{"start":{"line":10,"column":18},"end":{"line":14,"column":2}},"1":{"start":{"line":17,"column":18},"end":{"line":17,"column":29}},"2":{"start":{"line":19,"column":16},"end":{"line":19,"column":28}},"3":{"start":{"line":21,"column":54},"end":{"line":21,"column":74}},"4":{"start":{"line":23,"column":27},"end":{"line":23,"column":54}},"5":{"start":{"line":25,"column":32},"end":{"line":27,"column":3}},"6":{"start":{"line":26,"column":4},"end":{"line":26,"column":32}},"7":{"start":{"line":29,"column":31},"end":{"line":31,"column":3}},"8":{"start":{"line":30,"column":4},"end":{"line":30,"column":47}},"9":{"start":{"line":34,"column":4},"end":{"line":34,"column":27}},"10":{"start":{"line":38,"column":4},"end":{"line":38,"column":31}},"11":{"start":{"line":42,"column":4},"end":{"line":42,"column":31}},"12":{"start":{"line":46,"column":4},"end":{"line":46,"column":26}},"13":{"start":{"line":47,"column":4},"end":{"line":47,"column":22}},"14":{"start":{"line":51,"column":4},"end":{"line":51,"column":25}},"15":{"start":{"line":52,"column":4},"end":{"line":52,"column":22}},"16":{"start":{"line":55,"column":23},"end":{"line":55,"column":59}},"17":{"start":{"line":56,"column":2},"end":{"line":101,"column":4}}},"fnMap":{"0":{"name":"MobileMenu","decl":{"start":{"line":16,"column":9},"end":{"line":16,"column":19}},"loc":{"start":{"line":16,"column":70},"end":{"line":102,"column":1}},"line":16},"1":{"name":"(anonymous_1)","decl":{"start":{"line":25,"column":32},"end":{"line":25,"column":33}},"loc":{"start":{"line":25,"column":38},"end":{"line":27,"column":3}},"line":25},"2":{"name":"(anonymous_2)","decl":{"start":{"line":29,"column":31},"end":{"line":29,"column":32}},"loc":{"start":{"line":29,"column":42},"end":{"line":31,"column":3}},"line":29},"3":{"name":"handleQueueButtonClick","decl":{"start":{"line":33,"column":11},"end":{"line":33,"column":33}},"loc":{"start":{"line":33,"column":36},"end":{"line":35,"column":3}},"line":33},"4":{"name":"handleBillboardClick","decl":{"start":{"line":37,"column":11},"end":{"line":37,"column":31}},"loc":{"start":{"line":37,"column":34},"end":{"line":39,"column":3}},"line":37},"5":{"name":"handlePlaylistClick","decl":{"start":{"line":41,"column":11},"end":{"line":41,"column":30}},"loc":{"start":{"line":41,"column":33},"end":{"line":43,"column":3}},"line":41},"6":{"name":"handleSettingsClick","decl":{"start":{"line":45,"column":11},"end":{"line":45,"column":30}},"loc":{"start":{"line":45,"column":33},"end":{"line":48,"column":3}},"line":45},"7":{"name":"handleAboutUsClick","decl":{"start":{"line":50,"column":11},"end":{"line":50,"column":29}},"loc":{"start":{"line":50,"column":32},"end":{"line":53,"column":3}},"line":50}},"branchMap":{},"s":{"0":2,"1":1,"2":1,"3":1,"4":1,"5":1,"6":0,"7":1,"8":0,"9":0,"10":0,"11":0,"12":0,"13":0,"14":0,"15":0,"16":1,"17":1},"f":{"0":1,"1":0,"2":0,"3":0,"4":0,"5":0,"6":0,"7":0},"b":{},"_coverageSchema":"1a1c01bbd47fc00a2c39e90264f33305004495a9","hash":"10dcac70c4405feabe519b1f03580b86c757a185"}
,"C:\\Users\\ikwal\\code\\qasong\\frontend\\src\\components\\AppBar\\MusicSearch\\MusicSearch.js": {"path":"C:\\Users\\ikwal\\code\\qasong\\frontend\\src\\components\\AppBar\\MusicSearch\\MusicSearch.js","statementMap":{"0":{"start":{"line":8,"column":18},"end":{"line":49,"column":3}},"1":{"start":{"line":8,"column":41},"end":{"line":49,"column":1}},"2":{"start":{"line":52,"column":18},"end":{"line":52,"column":29}},"3":{"start":{"line":53,"column":16},"end":{"line":53,"column":28}},"4":{"start":{"line":54,"column":38},"end":{"line":54,"column":54}},"5":{"start":{"line":56,"column":32},"end":{"line":58,"column":3}},"6":{"start":{"line":57,"column":4},"end":{"line":57,"column":34}},"7":{"start":{"line":60,"column":2},"end":{"line":86,"column":4}},"8":{"start":{"line":67,"column":10},"end":{"line":67,"column":34}},"9":{"start":{"line":68,"column":10},"end":{"line":68,"column":37}}},"fnMap":{"0":{"name":"(anonymous_0)","decl":{"start":{"line":8,"column":29},"end":{"line":8,"column":30}},"loc":{"start":{"line":8,"column":41},"end":{"line":49,"column":1}},"line":8},"1":{"name":"MusicSearch","decl":{"start":{"line":51,"column":9},"end":{"line":51,"column":20}},"loc":{"start":{"line":51,"column":50},"end":{"line":87,"column":1}},"line":51},"2":{"name":"(anonymous_2)","decl":{"start":{"line":56,"column":32},"end":{"line":56,"column":33}},"loc":{"start":{"line":56,"column":39},"end":{"line":58,"column":3}},"line":56},"3":{"name":"(anonymous_3)","decl":{"start":{"line":66,"column":18},"end":{"line":66,"column":19}},"loc":{"start":{"line":66,"column":25},"end":{"line":69,"column":9}},"line":66}},"branchMap":{},"s":{"0":2,"1":1,"2":1,"3":1,"4":1,"5":1,"6":0,"7":1,"8":0,"9":0},"f":{"0":1,"1":1,"2":0,"3":0},"b":{},"_coverageSchema":"1a1c01bbd47fc00a2c39e90264f33305004495a9","hash":"4611cbe71a1e0a4618a747336d69e64e72416912"}
,"C:\\Users\\ikwal\\code\\qasong\\frontend\\src\\components\\HomeScreen\\HomeScreen.js": {"path":"C:\\Users\\ikwal\\code\\qasong\\frontend\\src\\components\\HomeScreen\\HomeScreen.js","statementMap":{"0":{"start":{"line":27,"column":2},"end":{"line":94,"column":4}}},"fnMap":{"0":{"name":"HomeScreen","decl":{"start":{"line":11,"column":9},"end":{"line":11,"column":19}},"loc":{"start":{"line":26,"column":3},"end":{"line":95,"column":1}},"line":26}},"branchMap":{},"s":{"0":2},"f":{"0":2},"b":{},"_coverageSchema":"1a1c01bbd47fc00a2c39e90264f33305004495a9","hash":"e18c6e63b2e3634691a62ea02b51177882819bb4"}
,"C:\\Users\\ikwal\\code\\qasong\\frontend\\src\\components\\HomeScreen\\Settings\\Settings.js": {"path":"C:\\Users\\ikwal\\code\\qasong\\frontend\\src\\components\\HomeScreen\\Settings\\Settings.js","statementMap":{"0":{"start":{"line":14,"column":18},"end":{"line":33,"column":3}},"1":{"start":{"line":14,"column":41},"end":{"line":33,"column":1}},"2":{"start":{"line":43,"column":18},"end":{"line":43,"column":29}},"3":{"start":{"line":45,"column":22},"end":{"line":47,"column":3}},"4":{"start":{"line":46,"column":4},"end":{"line":46,"column":27}},"5":{"start":{"line":50,"column":4},"end":{"line":50,"column":27}},"6":{"start":{"line":54,"column":4},"end":{"line":54,"column":36}},"7":{"start":{"line":62,"column":2},"end":{"line":129,"column":4}}},"fnMap":{"0":{"name":"(anonymous_0)","decl":{"start":{"line":14,"column":29},"end":{"line":14,"column":30}},"loc":{"start":{"line":14,"column":41},"end":{"line":33,"column":1}},"line":14},"1":{"name":"TransitionsModal","decl":{"start":{"line":35,"column":24},"end":{"line":35,"column":40}},"loc":{"start":{"line":42,"column":3},"end":{"line":130,"column":1}},"line":42},"2":{"name":"(anonymous_2)","decl":{"start":{"line":45,"column":22},"end":{"line":45,"column":23}},"loc":{"start":{"line":45,"column":28},"end":{"line":47,"column":3}},"line":45},"3":{"name":"handleDarkmodeButtonClick","decl":{"start":{"line":49,"column":11},"end":{"line":49,"column":36}},"loc":{"start":{"line":49,"column":39},"end":{"line":51,"column":3}},"line":49},"4":{"name":"handleChangePlaybackRate","decl":{"start":{"line":53,"column":11},"end":{"line":53,"column":35}},"loc":{"start":{"line":53,"column":39},"end":{"line":55,"column":3}},"line":53}},"branchMap":{},"s":{"0":1,"1":0,"2":0,"3":0,"4":0,"5":0,"6":0,"7":0},"f":{"0":0,"1":0,"2":0,"3":0,"4":0},"b":{},"_coverageSchema":"1a1c01bbd47fc00a2c39e90264f33305004495a9","hash":"3e6d94e7a8986e12071abd52553dc49825b0eb64"}
,"C:\\Users\\ikwal\\code\\qasong\\frontend\\src\\components\\HomeScreen\\WelcomeWindow\\WelcomeWindow.js": {"path":"C:\\Users\\ikwal\\code\\qasong\\frontend\\src\\components\\HomeScreen\\WelcomeWindow\\WelcomeWindow.js","statementMap":{"0":{"start":{"line":6,"column":18},"end":{"line":22,"column":3}},"1":{"start":{"line":6,"column":41},"end":{"line":22,"column":1}},"2":{"start":{"line":25,"column":18},"end":{"line":25,"column":29}},"3":{"start":{"line":31,"column":22},"end":{"line":33,"column":3}},"4":{"start":{"line":32,"column":4},"end":{"line":32,"column":26}},"5":{"start":{"line":35,"column":2},"end":{"line":45,"column":4}}},"fnMap":{"0":{"name":"(anonymous_0)","decl":{"start":{"line":6,"column":29},"end":{"line":6,"column":30}},"loc":{"start":{"line":6,"column":41},"end":{"line":22,"column":1}},"line":6},"1":{"name":"TransitionsModal","decl":{"start":{"line":24,"column":24},"end":{"line":24,"column":40}},"loc":{"start":{"line":24,"column":74},"end":{"line":46,"column":1}},"line":24},"2":{"name":"(anonymous_2)","decl":{"start":{"line":31,"column":22},"end":{"line":31,"column":23}},"loc":{"start":{"line":31,"column":28},"end":{"line":33,"column":3}},"line":31}},"branchMap":{},"s":{"0":1,"1":0,"2":0,"3":0,"4":0,"5":0},"f":{"0":0,"1":0,"2":0},"b":{},"_coverageSchema":"1a1c01bbd47fc00a2c39e90264f33305004495a9","hash":"7d28ac7db47bf5f1ccc94c804efbcff85a329106"}
,"C:\\Users\\ikwal\\code\\qasong\\frontend\\src\\components\\HomeScreen\\WelcomeWindow\\Content\\Content.js": {"path":"C:\\Users\\ikwal\\code\\qasong\\frontend\\src\\components\\HomeScreen\\WelcomeWindow\\Content\\Content.js","statementMap":{"0":{"start":{"line":5,"column":22},"end":{"line":5,"column":34}},"1":{"start":{"line":7,"column":16},"end":{"line":7,"column":26}},"2":{"start":{"line":8,"column":16},"end":{"line":8,"column":37}},"3":{"start":{"line":10,"column":29},"end":{"line":10,"column":62}},"4":{"start":{"line":11,"column":29},"end":{"line":11,"column":68}},"5":{"start":{"line":12,"column":2},"end":{"line":12,"column":40}},"6":{"start":{"line":16,"column":2},"end":{"line":147,"column":4}}},"fnMap":{"0":{"name":"getDaysRemaining","decl":{"start":{"line":4,"column":9},"end":{"line":4,"column":25}},"loc":{"start":{"line":4,"column":28},"end":{"line":13,"column":1}},"line":4},"1":{"name":"Content","decl":{"start":{"line":15,"column":9},"end":{"line":15,"column":16}},"loc":{"start":{"line":15,"column":19},"end":{"line":148,"column":1}},"line":15}},"branchMap":{},"s":{"0":0,"1":0,"2":0,"3":0,"4":0,"5":0,"6":0},"f":{"0":0,"1":0},"b":{},"_coverageSchema":"1a1c01bbd47fc00a2c39e90264f33305004495a9","hash":"7794f533abc43abdfde0d3bad0701cc5bd6dd4f9"}
,"C:\\Users\\ikwal\\code\\qasong\\frontend\\src\\components\\NowPlayingArea\\NowPlayingArea.js": {"path":"C:\\Users\\ikwal\\code\\qasong\\frontend\\src\\components\\NowPlayingArea\\NowPlayingArea.js","statementMap":{"0":{"start":{"line":27,"column":18},"end":{"line":41,"column":3}},"1":{"start":{"line":27,"column":41},"end":{"line":41,"column":1}},"2":{"start":{"line":52,"column":18},"end":{"line":52,"column":29}},"3":{"start":{"line":54,"column":42},"end":{"line":54,"column":53}},"4":{"start":{"line":55,"column":30},"end":{"line":55,"column":43}},"5":{"start":{"line":56,"column":32},"end":{"line":56,"column":47}},"6":{"start":{"line":58,"column":20},"end":{"line":58,"column":32}},"7":{"start":{"line":60,"column":20},"end":{"line":60,"column":43}},"8":{"start":{"line":61,"column":24},"end":{"line":61,"column":51}},"9":{"start":{"line":63,"column":2},"end":{"line":69,"column":19}},"10":{"start":{"line":64,"column":4},"end":{"line":68,"column":5}},"11":{"start":{"line":65,"column":6},"end":{"line":65,"column":23}},"12":{"start":{"line":67,"column":6},"end":{"line":67,"column":24}},"13":{"start":{"line":73,"column":4},"end":{"line":73,"column":22}},"14":{"start":{"line":77,"column":4},"end":{"line":77,"column":21}},"15":{"start":{"line":81,"column":4},"end":{"line":81,"column":38}},"16":{"start":{"line":86,"column":24},"end":{"line":86,"column":39}},"17":{"start":{"line":87,"column":22},"end":{"line":87,"column":49}},"18":{"start":{"line":89,"column":4},"end":{"line":89,"column":45}},"19":{"start":{"line":91,"column":4},"end":{"line":93,"column":5}},"20":{"start":{"line":92,"column":6},"end":{"line":92,"column":17}},"21":{"start":{"line":96,"column":2},"end":{"line":98,"column":3}},"22":{"start":{"line":97,"column":4},"end":{"line":97,"column":23}},"23":{"start":{"line":100,"column":18},"end":{"line":100,"column":44}},"24":{"start":{"line":102,"column":2},"end":{"line":176,"column":4}}},"fnMap":{"0":{"name":"(anonymous_0)","decl":{"start":{"line":27,"column":29},"end":{"line":27,"column":30}},"loc":{"start":{"line":27,"column":41},"end":{"line":41,"column":1}},"line":27},"1":{"name":"BottomAppBar","decl":{"start":{"line":43,"column":24},"end":{"line":43,"column":36}},"loc":{"start":{"line":51,"column":3},"end":{"line":177,"column":1}},"line":51},"2":{"name":"(anonymous_2)","decl":{"start":{"line":63,"column":12},"end":{"line":63,"column":13}},"loc":{"start":{"line":63,"column":18},"end":{"line":69,"column":3}},"line":63},"3":{"name":"pauseVideo","decl":{"start":{"line":72,"column":11},"end":{"line":72,"column":21}},"loc":{"start":{"line":72,"column":24},"end":{"line":74,"column":3}},"line":72},"4":{"name":"startVideo","decl":{"start":{"line":76,"column":11},"end":{"line":76,"column":21}},"loc":{"start":{"line":76,"column":24},"end":{"line":78,"column":3}},"line":76},"5":{"name":"changeTime","decl":{"start":{"line":80,"column":11},"end":{"line":80,"column":21}},"loc":{"start":{"line":80,"column":31},"end":{"line":82,"column":3}},"line":80},"6":{"name":"handleProgress","decl":{"start":{"line":85,"column":11},"end":{"line":85,"column":25}},"loc":{"start":{"line":85,"column":29},"end":{"line":94,"column":3}},"line":85}},"branchMap":{"0":{"loc":{"start":{"line":64,"column":4},"end":{"line":68,"column":5}},"type":"if","locations":[{"start":{"line":64,"column":4},"end":{"line":68,"column":5}},{"start":{"line":64,"column":4},"end":{"line":68,"column":5}}],"line":64},"1":{"loc":{"start":{"line":64,"column":8},"end":{"line":64,"column":40}},"type":"binary-expr","locations":[{"start":{"line":64,"column":8},"end":{"line":64,"column":18}},{"start":{"line":64,"column":22},"end":{"line":64,"column":40}}],"line":64},"2":{"loc":{"start":{"line":91,"column":4},"end":{"line":93,"column":5}},"type":"if","locations":[{"start":{"line":91,"column":4},"end":{"line":93,"column":5}},{"start":{"line":91,"column":4},"end":{"line":93,"column":5}}],"line":91},"3":{"loc":{"start":{"line":96,"column":2},"end":{"line":98,"column":3}},"type":"if","locations":[{"start":{"line":96,"column":2},"end":{"line":98,"column":3}},{"start":{"line":96,"column":2},"end":{"line":98,"column":3}}],"line":96},"4":{"loc":{"start":{"line":96,"column":6},"end":{"line":96,"column":38}},"type":"binary-expr","locations":[{"start":{"line":96,"column":6},"end":{"line":96,"column":17}},{"start":{"line":96,"column":21},"end":{"line":96,"column":38}}],"line":96},"5":{"loc":{"start":{"line":100,"column":18},"end":{"line":100,"column":44}},"type":"binary-expr","locations":[{"start":{"line":100,"column":18},"end":{"line":100,"column":27}},{"start":{"line":100,"column":31},"end":{"line":100,"column":44}}],"line":100},"6":{"loc":{"start":{"line":126,"column":15},"end":{"line":132,"column":15}},"type":"binary-expr","locations":[{"start":{"line":126,"column":15},"end":{"line":126,"column":22}},{"start":{"line":127,"column":16},"end":{"line":131,"column":18}}],"line":126},"7":{"loc":{"start":{"line":134,"column":15},"end":{"line":142,"column":15}},"type":"cond-expr","locations":[{"start":{"line":135,"column":16},"end":{"line":137,"column":29}},{"start":{"line":139,"column":16},"end":{"line":141,"column":29}}],"line":134},"8":{"loc":{"start":{"line":144,"column":15},"end":{"line":150,"column":15}},"type":"binary-expr","locations":[{"start":{"line":144,"column":15},"end":{"line":144,"column":22}},{"start":{"line":145,"column":16},"end":{"line":149,"column":18}}],"line":144},"9":{"loc":{"start":{"line":159,"column":13},"end":{"line":171,"column":13}},"type":"binary-expr","locations":[{"start":{"line":159,"column":13},"end":{"line":159,"column":22}},{"start":{"line":160,"column":14},"end":{"line":170,"column":20}}],"line":159}},"s":{"0":1,"1":1,"2":2,"3":2,"4":2,"5":2,"6":2,"7":2,"8":2,"9":2,"10":0,"11":0,"12":0,"13":0,"14":0,"15":0,"16":0,"17":0,"18":0,"19":0,"20":0,"21":2,"22":1,"23":1,"24":1},"f":{"0":1,"1":2,"2":0,"3":0,"4":0,"5":0,"6":0},"b":{"0":[0,0],"1":[0,0],"2":[0,0],"3":[1,1],"4":[2,1],"5":[1,1],"6":[1,0],"7":[0,1],"8":[1,0],"9":[1,0]},"_coverageSchema":"1a1c01bbd47fc00a2c39e90264f33305004495a9","hash":"b140b5b5567839f5edb95db4a36a5af34bc402d7"}
,"C:\\Users\\ikwal\\code\\qasong\\frontend\\src\\components\\NowPlayingArea\\PreviousSongButton\\PreviousSongButton.js": {"path":"C:\\Users\\ikwal\\code\\qasong\\frontend\\src\\components\\NowPlayingArea\\PreviousSongButton\\PreviousSongButton.js","statementMap":{"0":{"start":{"line":6,"column":2},"end":{"line":10,"column":4}}},"fnMap":{"0":{"name":"SkipSongButton","decl":{"start":{"line":5,"column":9},"end":{"line":5,"column":23}},"loc":{"start":{"line":5,"column":52},"end":{"line":11,"column":1}},"line":5}},"branchMap":{},"s":{"0":0},"f":{"0":0},"b":{},"_coverageSchema":"1a1c01bbd47fc00a2c39e90264f33305004495a9","hash":"1789255e3e41012ee83b9ce3f7bd5b7c0ea840a6"}
,"C:\\Users\\ikwal\\code\\qasong\\frontend\\src\\components\\NowPlayingArea\\ProgressBar\\ProgressBar.js": {"path":"C:\\Users\\ikwal\\code\\qasong\\frontend\\src\\components\\NowPlayingArea\\ProgressBar\\ProgressBar.js","statementMap":{"0":{"start":{"line":8,"column":4},"end":{"line":8,"column":25}},"1":{"start":{"line":11,"column":2},"end":{"line":34,"column":4}}},"fnMap":{"0":{"name":"ProgressBar","decl":{"start":{"line":6,"column":9},"end":{"line":6,"column":20}},"loc":{"start":{"line":6,"column":65},"end":{"line":35,"column":1}},"line":6},"1":{"name":"handleChange","decl":{"start":{"line":7,"column":11},"end":{"line":7,"column":23}},"loc":{"start":{"line":7,"column":37},"end":{"line":9,"column":3}},"line":7}},"branchMap":{},"s":{"0":0,"1":0},"f":{"0":0,"1":0},"b":{},"_coverageSchema":"1a1c01bbd47fc00a2c39e90264f33305004495a9","hash":"e265e506c36ac8dd766b02ad00b81f6a2f183910"}
,"C:\\Users\\ikwal\\code\\qasong\\frontend\\src\\components\\NowPlayingArea\\SkipSongButton\\SkipSongButton.js": {"path":"C:\\Users\\ikwal\\code\\qasong\\frontend\\src\\components\\NowPlayingArea\\SkipSongButton\\SkipSongButton.js","statementMap":{"0":{"start":{"line":6,"column":2},"end":{"line":10,"column":4}}},"fnMap":{"0":{"name":"SkipSongButton","decl":{"start":{"line":5,"column":9},"end":{"line":5,"column":23}},"loc":{"start":{"line":5,"column":48},"end":{"line":11,"column":1}},"line":5}},"branchMap":{},"s":{"0":0},"f":{"0":0},"b":{},"_coverageSchema":"1a1c01bbd47fc00a2c39e90264f33305004495a9","hash":"7aa938a7c91fde42cbd9ae5305687a14bb9c11df"}
,"C:\\Users\\ikwal\\code\\qasong\\frontend\\src\\components\\NowPlayingArea\\VolumeController\\VolumeController.js": {"path":"C:\\Users\\ikwal\\code\\qasong\\frontend\\src\\components\\NowPlayingArea\\VolumeController\\VolumeController.js","statementMap":{"0":{"start":{"line":6,"column":18},"end":{"line":10,"column":2}},"1":{"start":{"line":14,"column":4},"end":{"line":14,"column":30}},"2":{"start":{"line":16,"column":18},"end":{"line":16,"column":29}},"3":{"start":{"line":17,"column":2},"end":{"line":31,"column":4}},"4":{"start":{"line":21,"column":37},"end":{"line":21,"column":49}},"5":{"start":{"line":27,"column":35},"end":{"line":27,"column":47}}},"fnMap":{"0":{"name":"volumeBar","decl":{"start":{"line":12,"column":9},"end":{"line":12,"column":18}},"loc":{"start":{"line":12,"column":42},"end":{"line":32,"column":1}},"line":12},"1":{"name":"handleChange","decl":{"start":{"line":13,"column":11},"end":{"line":13,"column":23}},"loc":{"start":{"line":13,"column":37},"end":{"line":15,"column":3}},"line":13},"2":{"name":"(anonymous_2)","decl":{"start":{"line":21,"column":31},"end":{"line":21,"column":32}},"loc":{"start":{"line":21,"column":37},"end":{"line":21,"column":49}},"line":21},"3":{"name":"(anonymous_3)","decl":{"start":{"line":27,"column":29},"end":{"line":27,"column":30}},"loc":{"start":{"line":27,"column":35},"end":{"line":27,"column":47}},"line":27}},"branchMap":{},"s":{"0":1,"1":0,"2":0,"3":0,"4":0,"5":0},"f":{"0":0,"1":0,"2":0,"3":0},"b":{},"_coverageSchema":"1a1c01bbd47fc00a2c39e90264f33305004495a9","hash":"954ac8240164da88917132f1411f6f0c49b6d5da"}
,"C:\\Users\\ikwal\\code\\qasong\\frontend\\src\\components\\NowPlayingArea\\YoutubeIframe\\YoutubeIframe.js": {"path":"C:\\Users\\ikwal\\code\\qasong\\frontend\\src\\components\\NowPlayingArea\\YoutubeIframe\\YoutubeIframe.js","statementMap":{"0":{"start":{"line":12,"column":13},"end":{"line":12,"column":31}},"1":{"start":{"line":13,"column":2},"end":{"line":13,"column":45}},"2":{"start":{"line":13,"column":11},"end":{"line":13,"column":45}},"3":{"start":{"line":15,"column":2},"end":{"line":44,"column":4}}},"fnMap":{"0":{"name":"Video","decl":{"start":{"line":4,"column":24},"end":{"line":4,"column":29}},"loc":{"start":{"line":11,"column":3},"end":{"line":45,"column":1}},"line":11}},"branchMap":{"0":{"loc":{"start":{"line":13,"column":2},"end":{"line":13,"column":45}},"type":"if","locations":[{"start":{"line":13,"column":2},"end":{"line":13,"column":45}},{"start":{"line":13,"column":2},"end":{"line":13,"column":45}}],"line":13},"1":{"loc":{"start":{"line":37,"column":14},"end":{"line":39,"column":41}},"type":"cond-expr","locations":[{"start":{"line":38,"column":18},"end":{"line":38,"column":39}},{"start":{"line":39,"column":18},"end":{"line":39,"column":41}}],"line":37}},"s":{"0":0,"1":0,"2":0,"3":0},"f":{"0":0},"b":{"0":[0,0],"1":[0,0]},"_coverageSchema":"1a1c01bbd47fc00a2c39e90264f33305004495a9","hash":"7ddd16322325d0a708c0e545180dc568e953d3e8"}
,"C:\\Users\\ikwal\\code\\qasong\\frontend\\src\\components\\PlaylistSection\\Playlist\\Playlist.js": {"path":"C:\\Users\\ikwal\\code\\qasong\\frontend\\src\\components\\PlaylistSection\\Playlist\\Playlist.js","statementMap":{"0":{"start":{"line":21,"column":18},"end":{"line":38,"column":3}},"1":{"start":{"line":21,"column":41},"end":{"line":38,"column":1}},"2":{"start":{"line":49,"column":18},"end":{"line":49,"column":29}},"3":{"start":{"line":50,"column":36},"end":{"line":50,"column":56}},"4":{"start":{"line":53,"column":4},"end":{"line":53,"column":29}},"5":{"start":{"line":54,"column":4},"end":{"line":54,"column":37}},"6":{"start":{"line":58,"column":24},"end":{"line":58,"column":53}},"7":{"start":{"line":58,"column":44},"end":{"line":58,"column":52}},"8":{"start":{"line":60,"column":35},"end":{"line":62,"column":6}},"9":{"start":{"line":61,"column":6},"end":{"line":61,"column":45}},"10":{"start":{"line":64,"column":4},"end":{"line":64,"column":52}},"11":{"start":{"line":68,"column":4},"end":{"line":68,"column":31}},"12":{"start":{"line":72,"column":4},"end":{"line":72,"column":24}},"13":{"start":{"line":73,"column":4},"end":{"line":73,"column":22}},"14":{"start":{"line":77,"column":4},"end":{"line":84,"column":7}},"15":{"start":{"line":78,"column":6},"end":{"line":83,"column":8}},"16":{"start":{"line":88,"column":4},"end":{"line":95,"column":7}},"17":{"start":{"line":89,"column":6},"end":{"line":94,"column":8}},"18":{"start":{"line":98,"column":19},"end":{"line":98,"column":55}},"19":{"start":{"line":99,"column":2},"end":{"line":180,"column":4}},"20":{"start":{"line":145,"column":31},"end":{"line":145,"column":61}},"21":{"start":{"line":166,"column":35},"end":{"line":166,"column":59}}},"fnMap":{"0":{"name":"(anonymous_0)","decl":{"start":{"line":21,"column":29},"end":{"line":21,"column":30}},"loc":{"start":{"line":21,"column":41},"end":{"line":38,"column":1}},"line":21},"1":{"name":"Playlist","decl":{"start":{"line":40,"column":9},"end":{"line":40,"column":17}},"loc":{"start":{"line":48,"column":3},"end":{"line":181,"column":1}},"line":48},"2":{"name":"handlePlaylistClick","decl":{"start":{"line":52,"column":11},"end":{"line":52,"column":30}},"loc":{"start":{"line":52,"column":33},"end":{"line":55,"column":3}},"line":52},"3":{"name":"handleAddToQueueClick","decl":{"start":{"line":57,"column":11},"end":{"line":57,"column":32}},"loc":{"start":{"line":57,"column":35},"end":{"line":65,"column":3}},"line":57},"4":{"name":"(anonymous_4)","decl":{"start":{"line":58,"column":34},"end":{"line":58,"column":35}},"loc":{"start":{"line":58,"column":44},"end":{"line":58,"column":52}},"line":58},"5":{"name":"(anonymous_5)","decl":{"start":{"line":60,"column":57},"end":{"line":60,"column":58}},"loc":{"start":{"line":60,"column":67},"end":{"line":62,"column":5}},"line":60},"6":{"name":"handleDeleteClick","decl":{"start":{"line":67,"column":11},"end":{"line":67,"column":28}},"loc":{"start":{"line":67,"column":41},"end":{"line":69,"column":3}},"line":67},"7":{"name":"handleStopSong","decl":{"start":{"line":71,"column":11},"end":{"line":71,"column":25}},"loc":{"start":{"line":71,"column":29},"end":{"line":74,"column":3}},"line":71},"8":{"name":"CollapsedPlaylist","decl":{"start":{"line":76,"column":11},"end":{"line":76,"column":28}},"loc":{"start":{"line":76,"column":31},"end":{"line":85,"column":3}},"line":76},"9":{"name":"(anonymous_9)","decl":{"start":{"line":77,"column":42},"end":{"line":77,"column":43}},"loc":{"start":{"line":77,"column":52},"end":{"line":84,"column":5}},"line":77},"10":{"name":"UncollapsedPlaylist","decl":{"start":{"line":87,"column":11},"end":{"line":87,"column":30}},"loc":{"start":{"line":87,"column":33},"end":{"line":96,"column":3}},"line":87},"11":{"name":"(anonymous_11)","decl":{"start":{"line":88,"column":30},"end":{"line":88,"column":31}},"loc":{"start":{"line":88,"column":40},"end":{"line":95,"column":5}},"line":88},"12":{"name":"(anonymous_12)","decl":{"start":{"line":145,"column":25},"end":{"line":145,"column":26}},"loc":{"start":{"line":145,"column":31},"end":{"line":145,"column":61}},"line":145},"13":{"name":"(anonymous_13)","decl":{"start":{"line":166,"column":29},"end":{"line":166,"column":30}},"loc":{"start":{"line":166,"column":35},"end":{"line":166,"column":59}},"line":166}},"branchMap":{"0":{"loc":{"start":{"line":121,"column":9},"end":{"line":125,"column":9}},"type":"binary-expr","locations":[{"start":{"line":121,"column":9},"end":{"line":121,"column":24}},{"start":{"line":122,"column":10},"end":{"line":124,"column":23}}],"line":121},"1":{"loc":{"start":{"line":131,"column":11},"end":{"line":131,"column":76}},"type":"cond-expr","locations":[{"start":{"line":131,"column":27},"end":{"line":131,"column":71}},{"start":{"line":131,"column":74},"end":{"line":131,"column":76}}],"line":131},"2":{"loc":{"start":{"line":141,"column":11},"end":{"line":150,"column":11}},"type":"binary-expr","locations":[{"start":{"line":141,"column":11},"end":{"line":141,"column":19}},{"start":{"line":142,"column":12},"end":{"line":149,"column":15}}],"line":141},"3":{"loc":{"start":{"line":165,"column":11},"end":{"line":165,"column":70}},"type":"cond-expr","locations":[{"start":{"line":165,"column":23},"end":{"line":165,"column":44}},{"start":{"line":165,"column":47},"end":{"line":165,"column":70}}],"line":165},"4":{"loc":{"start":{"line":172,"column":19},"end":{"line":172,"column":57}},"type":"cond-expr","locations":[{"start":{"line":172,"column":31},"end":{"line":172,"column":44}},{"start":{"line":172,"column":47},"end":{"line":172,"column":57}}],"line":172}},"s":{"0":1,"1":1,"2":1,"3":1,"4":0,"5":0,"6":0,"7":0,"8":0,"9":0,"10":0,"11":0,"12":0,"13":0,"14":0,"15":0,"16":0,"17":0,"18":1,"19":1,"20":0,"21":0},"f":{"0":1,"1":1,"2":0,"3":0,"4":0,"5":0,"6":0,"7":0,"8":0,"9":0,"10":0,"11":0,"12":0,"13":0},"b":{"0":[1,0],"1":[0,1],"2":[1,0],"3":[1,0],"4":[1,0]},"_coverageSchema":"1a1c01bbd47fc00a2c39e90264f33305004495a9","hash":"7892e87c2bdf5383f82182ed02140db3ea67c1cc"}
,"C:\\Users\\ikwal\\code\\qasong\\frontend\\src\\components\\PlaylistSection\\Playlist\\PlaylistItem\\PlaylistItem.js": {"path":"C:\\Users\\ikwal\\code\\qasong\\frontend\\src\\components\\PlaylistSection\\Playlist\\PlaylistItem\\PlaylistItem.js","statementMap":{"0":{"start":{"line":13,"column":27},"end":{"line":13,"column":63}},"1":{"start":{"line":14,"column":54},"end":{"line":14,"column":74}},"2":{"start":{"line":16,"column":27},"end":{"line":16,"column":54}},"3":{"start":{"line":18,"column":32},"end":{"line":21,"column":3}},"4":{"start":{"line":19,"column":4},"end":{"line":19,"column":28}},"5":{"start":{"line":20,"column":4},"end":{"line":20,"column":32}},"6":{"start":{"line":23,"column":31},"end":{"line":26,"column":3}},"7":{"start":{"line":24,"column":4},"end":{"line":24,"column":28}},"8":{"start":{"line":25,"column":4},"end":{"line":25,"column":47}},"9":{"start":{"line":28,"column":23},"end":{"line":28,"column":59}},"10":{"start":{"line":29,"column":2},"end":{"line":73,"column":4}},"11":{"start":{"line":57,"column":12},"end":{"line":57,"column":32}},"12":{"start":{"line":58,"column":12},"end":{"line":58,"column":36}},"13":{"start":{"line":65,"column":12},"end":{"line":65,"column":33}},"14":{"start":{"line":66,"column":12},"end":{"line":66,"column":36}}},"fnMap":{"0":{"name":"PlaylistItem","decl":{"start":{"line":6,"column":9},"end":{"line":6,"column":21}},"loc":{"start":{"line":12,"column":3},"end":{"line":74,"column":1}},"line":12},"1":{"name":"(anonymous_1)","decl":{"start":{"line":18,"column":32},"end":{"line":18,"column":33}},"loc":{"start":{"line":18,"column":43},"end":{"line":21,"column":3}},"line":18},"2":{"name":"(anonymous_2)","decl":{"start":{"line":23,"column":31},"end":{"line":23,"column":32}},"loc":{"start":{"line":23,"column":42},"end":{"line":26,"column":3}},"line":23},"3":{"name":"(anonymous_3)","decl":{"start":{"line":56,"column":19},"end":{"line":56,"column":20}},"loc":{"start":{"line":56,"column":25},"end":{"line":59,"column":11}},"line":56},"4":{"name":"(anonymous_4)","decl":{"start":{"line":64,"column":19},"end":{"line":64,"column":20}},"loc":{"start":{"line":64,"column":25},"end":{"line":67,"column":11}},"line":64}},"branchMap":{"0":{"loc":{"start":{"line":31,"column":7},"end":{"line":35,"column":7}},"type":"binary-expr","locations":[{"start":{"line":31,"column":7},"end":{"line":31,"column":23}},{"start":{"line":32,"column":8},"end":{"line":34,"column":21}}],"line":31}},"s":{"0":0,"1":0,"2":0,"3":0,"4":0,"5":0,"6":0,"7":0,"8":0,"9":0,"10":0,"11":0,"12":0,"13":0,"14":0},"f":{"0":0,"1":0,"2":0,"3":0,"4":0},"b":{"0":[0,0]},"_coverageSchema":"1a1c01bbd47fc00a2c39e90264f33305004495a9","hash":"d608de2ac0309c3b71f9f020a645e8b1d55dc5ad"}
,"C:\\Users\\ikwal\\code\\qasong\\frontend\\src\\components\\QueueSection\\QueueSection.js": {"path":"C:\\Users\\ikwal\\code\\qasong\\frontend\\src\\components\\QueueSection\\QueueSection.js","statementMap":{"0":{"start":{"line":31,"column":40},"end":{"line":31,"column":56}},"1":{"start":{"line":32,"column":42},"end":{"line":32,"column":57}},"2":{"start":{"line":33,"column":44},"end":{"line":37,"column":4}},"3":{"start":{"line":39,"column":31},"end":{"line":41,"column":3}},"4":{"start":{"line":40,"column":4},"end":{"line":40,"column":58}},"5":{"start":{"line":40,"column":39},"end":{"line":40,"column":55}},"6":{"start":{"line":43,"column":26},"end":{"line":48,"column":3}},"7":{"start":{"line":44,"column":4},"end":{"line":44,"column":26}},"8":{"start":{"line":45,"column":4},"end":{"line":47,"column":13}},"9":{"start":{"line":46,"column":6},"end":{"line":46,"column":29}},"10":{"start":{"line":50,"column":19},"end":{"line":63,"column":3}},"11":{"start":{"line":52,"column":23},"end":{"line":52,"column":39}},"12":{"start":{"line":53,"column":6},"end":{"line":60,"column":8}},"13":{"start":{"line":65,"column":2},"end":{"line":130,"column":3}},"14":{"start":{"line":66,"column":4},"end":{"line":129,"column":6}},"15":{"start":{"line":103,"column":10},"end":{"line":126,"column":12}},"16":{"start":{"line":132,"column":2},"end":{"line":215,"column":4}},"17":{"start":{"line":156,"column":14},"end":{"line":160,"column":17}},"18":{"start":{"line":185,"column":14},"end":{"line":196,"column":16}},"19":{"start":{"line":201,"column":12},"end":{"line":210,"column":14}}},"fnMap":{"0":{"name":"QueueSection","decl":{"start":{"line":30,"column":9},"end":{"line":30,"column":21}},"loc":{"start":{"line":30,"column":70},"end":{"line":216,"column":1}},"line":30},"1":{"name":"(anonymous_1)","decl":{"start":{"line":39,"column":31},"end":{"line":39,"column":32}},"loc":{"start":{"line":39,"column":40},"end":{"line":41,"column":3}},"line":39},"2":{"name":"(anonymous_2)","decl":{"start":{"line":40,"column":29},"end":{"line":40,"column":30}},"loc":{"start":{"line":40,"column":39},"end":{"line":40,"column":55}},"line":40},"3":{"name":"(anonymous_3)","decl":{"start":{"line":43,"column":26},"end":{"line":43,"column":27}},"loc":{"start":{"line":43,"column":32},"end":{"line":48,"column":3}},"line":43},"4":{"name":"(anonymous_4)","decl":{"start":{"line":45,"column":15},"end":{"line":45,"column":16}},"loc":{"start":{"line":45,"column":21},"end":{"line":47,"column":5}},"line":45},"5":{"name":"(anonymous_5)","decl":{"start":{"line":51,"column":4},"end":{"line":51,"column":5}},"loc":{"start":{"line":51,"column":31},"end":{"line":61,"column":5}},"line":51},"6":{"name":"(anonymous_6)","decl":{"start":{"line":102,"column":23},"end":{"line":102,"column":24}},"loc":{"start":{"line":102,"column":34},"end":{"line":127,"column":9}},"line":102},"7":{"name":"(anonymous_7)","decl":{"start":{"line":155,"column":21},"end":{"line":155,"column":22}},"loc":{"start":{"line":155,"column":27},"end":{"line":161,"column":13}},"line":155},"8":{"name":"(anonymous_8)","decl":{"start":{"line":184,"column":23},"end":{"line":184,"column":24}},"loc":{"start":{"line":184,"column":40},"end":{"line":197,"column":13}},"line":184},"9":{"name":"(anonymous_9)","decl":{"start":{"line":200,"column":20},"end":{"line":200,"column":21}},"loc":{"start":{"line":201,"column":12},"end":{"line":210,"column":14}},"line":201}},"branchMap":{"0":{"loc":{"start":{"line":65,"column":2},"end":{"line":130,"column":3}},"type":"if","locations":[{"start":{"line":65,"column":2},"end":{"line":130,"column":3}},{"start":{"line":65,"column":2},"end":{"line":130,"column":3}}],"line":65},"1":{"loc":{"start":{"line":138,"column":15},"end":{"line":138,"column":58}},"type":"binary-expr","locations":[{"start":{"line":138,"column":15},"end":{"line":138,"column":31}},{"start":{"line":138,"column":35},"end":{"line":138,"column":58}}],"line":138},"2":{"loc":{"start":{"line":165,"column":11},"end":{"line":171,"column":18}},"type":"cond-expr","locations":[{"start":{"line":166,"column":12},"end":{"line":170,"column":19}},{"start":{"line":171,"column":14},"end":{"line":171,"column":18}}],"line":165},"3":{"loc":{"start":{"line":181,"column":28},"end":{"line":181,"column":66}},"type":"cond-expr","locations":[{"start":{"line":181,"column":39},"end":{"line":181,"column":51}},{"start":{"line":181,"column":54},"end":{"line":181,"column":66}}],"line":181},"4":{"loc":{"start":{"line":182,"column":9},"end":{"line":212,"column":9}},"type":"cond-expr","locations":[{"start":{"line":183,"column":10},"end":{"line":198,"column":17}},{"start":{"line":200,"column":10},"end":{"line":211,"column":12}}],"line":182}},"s":{"0":2,"1":2,"2":2,"3":2,"4":0,"5":0,"6":2,"7":0,"8":0,"9":0,"10":2,"11":0,"12":0,"13":2,"14":0,"15":0,"16":2,"17":0,"18":2,"19":0},"f":{"0":2,"1":0,"2":0,"3":0,"4":0,"5":0,"6":0,"7":0,"8":2,"9":0},"b":{"0":[0,2],"1":[2,2],"2":[0,2],"3":[0,2],"4":[2,0]},"_coverageSchema":"1a1c01bbd47fc00a2c39e90264f33305004495a9","hash":"b33184d398c162d0af399ab113baa2e4aafa2392"}
,"C:\\Users\\ikwal\\code\\qasong\\frontend\\src\\components\\QueueSection\\ClearButton\\ClearButton.js": {"path":"C:\\Users\\ikwal\\code\\qasong\\frontend\\src\\components\\QueueSection\\ClearButton\\ClearButton.js","statementMap":{"0":{"start":{"line":6,"column":2},"end":{"line":18,"column":4}}},"fnMap":{"0":{"name":"ShareButton","decl":{"start":{"line":5,"column":9},"end":{"line":5,"column":20}},"loc":{"start":{"line":5,"column":35},"end":{"line":19,"column":1}},"line":5}},"branchMap":{"0":{"loc":{"start":{"line":13,"column":15},"end":{"line":13,"column":49}},"type":"cond-expr","locations":[{"start":{"line":13,"column":26},"end":{"line":13,"column":35}},{"start":{"line":13,"column":38},"end":{"line":13,"column":49}}],"line":13}},"s":{"0":0},"f":{"0":0},"b":{"0":[0,0]},"_coverageSchema":"1a1c01bbd47fc00a2c39e90264f33305004495a9","hash":"618d66379b253504ee752ff945f5448cec2f8509"}
,"C:\\Users\\ikwal\\code\\qasong\\frontend\\src\\components\\QueueSection\\ConfirmClearDialog\\ConfirmClearDialog.js": {"path":"C:\\Users\\ikwal\\code\\qasong\\frontend\\src\\components\\QueueSection\\ConfirmClearDialog\\ConfirmClearDialog.js","statementMap":{"0":{"start":{"line":13,"column":63},"end":{"line":13,"column":68}},"1":{"start":{"line":16,"column":4},"end":{"line":16,"column":27}},"2":{"start":{"line":20,"column":4},"end":{"line":20,"column":58}},"3":{"start":{"line":23,"column":2},"end":{"line":49,"column":4}}},"fnMap":{"0":{"name":"ConfirmClearDialog","decl":{"start":{"line":12,"column":9},"end":{"line":12,"column":27}},"loc":{"start":{"line":12,"column":35},"end":{"line":50,"column":1}},"line":12},"1":{"name":"handleClickYes","decl":{"start":{"line":15,"column":11},"end":{"line":15,"column":25}},"loc":{"start":{"line":15,"column":28},"end":{"line":17,"column":3}},"line":15},"2":{"name":"handleClickNo","decl":{"start":{"line":19,"column":11},"end":{"line":19,"column":24}},"loc":{"start":{"line":19,"column":27},"end":{"line":21,"column":3}},"line":19}},"branchMap":{},"s":{"0":0,"1":0,"2":0,"3":0},"f":{"0":0,"1":0,"2":0},"b":{},"_coverageSchema":"1a1c01bbd47fc00a2c39e90264f33305004495a9","hash":"65706824509648a4515fb2534f39d2772dcd9969"}
,"C:\\Users\\ikwal\\code\\qasong\\frontend\\src\\components\\QueueSection\\DisplayModeButton\\DisplayModeButton.js": {"path":"C:\\Users\\ikwal\\code\\qasong\\frontend\\src\\components\\QueueSection\\DisplayModeButton\\DisplayModeButton.js","statementMap":{"0":{"start":{"line":8,"column":4},"end":{"line":12,"column":5}},"1":{"start":{"line":9,"column":6},"end":{"line":9,"column":29}},"2":{"start":{"line":11,"column":6},"end":{"line":11,"column":29}},"3":{"start":{"line":14,"column":2},"end":{"line":27,"column":4}}},"fnMap":{"0":{"name":"ShareButton","decl":{"start":{"line":6,"column":9},"end":{"line":6,"column":20}},"loc":{"start":{"line":6,"column":64},"end":{"line":28,"column":1}},"line":6},"1":{"name":"handleClick","decl":{"start":{"line":7,"column":11},"end":{"line":7,"column":22}},"loc":{"start":{"line":7,"column":25},"end":{"line":13,"column":3}},"line":7}},"branchMap":{"0":{"loc":{"start":{"line":8,"column":4},"end":{"line":12,"column":5}},"type":"if","locations":[{"start":{"line":8,"column":4},"end":{"line":12,"column":5}},{"start":{"line":8,"column":4},"end":{"line":12,"column":5}}],"line":8},"1":{"loc":{"start":{"line":22,"column":15},"end":{"line":22,"column":49}},"type":"cond-expr","locations":[{"start":{"line":22,"column":26},"end":{"line":22,"column":35}},{"start":{"line":22,"column":38},"end":{"line":22,"column":49}}],"line":22},"2":{"loc":{"start":{"line":24,"column":9},"end":{"line":24,"column":65}},"type":"cond-expr","locations":[{"start":{"line":24,"column":34},"end":{"line":24,"column":51}},{"start":{"line":24,"column":54},"end":{"line":24,"column":65}}],"line":24}},"s":{"0":0,"1":0,"2":0,"3":0},"f":{"0":0,"1":0},"b":{"0":[0,0],"1":[0,0],"2":[0,0]},"_coverageSchema":"1a1c01bbd47fc00a2c39e90264f33305004495a9","hash":"d1dc4f933c33dc3d5385765007f01c6dc34c5005"}
,"C:\\Users\\ikwal\\code\\qasong\\frontend\\src\\components\\QueueSection\\PlayQueueButton\\PlayQueueButton.js": {"path":"C:\\Users\\ikwal\\code\\qasong\\frontend\\src\\components\\QueueSection\\PlayQueueButton\\PlayQueueButton.js","statementMap":{"0":{"start":{"line":6,"column":22},"end":{"line":8,"column":3}},"1":{"start":{"line":7,"column":4},"end":{"line":7,"column":28}},"2":{"start":{"line":10,"column":2},"end":{"line":25,"column":4}}},"fnMap":{"0":{"name":"ShareButton","decl":{"start":{"line":5,"column":9},"end":{"line":5,"column":20}},"loc":{"start":{"line":5,"column":57},"end":{"line":26,"column":1}},"line":5},"1":{"name":"(anonymous_1)","decl":{"start":{"line":6,"column":22},"end":{"line":6,"column":23}},"loc":{"start":{"line":6,"column":28},"end":{"line":8,"column":3}},"line":6}},"branchMap":{"0":{"loc":{"start":{"line":11,"column":20},"end":{"line":11,"column":81}},"type":"cond-expr","locations":[{"start":{"line":11,"column":31},"end":{"line":11,"column":76}},{"start":{"line":11,"column":79},"end":{"line":11,"column":81}}],"line":11},"1":{"loc":{"start":{"line":19,"column":17},"end":{"line":19,"column":51}},"type":"cond-expr","locations":[{"start":{"line":19,"column":28},"end":{"line":19,"column":37}},{"start":{"line":19,"column":40},"end":{"line":19,"column":51}}],"line":19}},"s":{"0":0,"1":0,"2":0},"f":{"0":0,"1":0},"b":{"0":[0,0],"1":[0,0]},"_coverageSchema":"1a1c01bbd47fc00a2c39e90264f33305004495a9","hash":"8f450bef7305033f629bff01d9d8d1ae07c8c7a9"}
,"C:\\Users\\ikwal\\code\\qasong\\frontend\\src\\components\\QueueSection\\QueueCard\\QueueCard.js": {"path":"C:\\Users\\ikwal\\code\\qasong\\frontend\\src\\components\\QueueSection\\QueueCard\\QueueCard.js","statementMap":{"0":{"start":{"line":18,"column":21},"end":{"line":18,"column":57}},"1":{"start":{"line":20,"column":18},"end":{"line":42,"column":3}},"2":{"start":{"line":20,"column":41},"end":{"line":42,"column":1}},"3":{"start":{"line":56,"column":18},"end":{"line":56,"column":29}},"4":{"start":{"line":58,"column":14},"end":{"line":58,"column":26}},"5":{"start":{"line":60,"column":26},"end":{"line":66,"column":3}},"6":{"start":{"line":61,"column":4},"end":{"line":65,"column":6}},"7":{"start":{"line":63,"column":8},"end":{"line":63,"column":32}},"8":{"start":{"line":68,"column":19},"end":{"line":107,"column":4}},"9":{"start":{"line":71,"column":6},"end":{"line":73,"column":7}},"10":{"start":{"line":72,"column":8},"end":{"line":72,"column":15}},"11":{"start":{"line":74,"column":24},"end":{"line":74,"column":34}},"12":{"start":{"line":75,"column":25},"end":{"line":75,"column":30}},"13":{"start":{"line":77,"column":6},"end":{"line":79,"column":7}},"14":{"start":{"line":78,"column":8},"end":{"line":78,"column":15}},"15":{"start":{"line":81,"column":32},"end":{"line":81,"column":68}},"16":{"start":{"line":83,"column":27},"end":{"line":83,"column":81}},"17":{"start":{"line":85,"column":27},"end":{"line":85,"column":52}},"18":{"start":{"line":87,"column":27},"end":{"line":87,"column":65}},"19":{"start":{"line":92,"column":6},"end":{"line":94,"column":7}},"20":{"start":{"line":93,"column":8},"end":{"line":93,"column":15}},"21":{"start":{"line":96,"column":6},"end":{"line":98,"column":7}},"22":{"start":{"line":97,"column":8},"end":{"line":97,"column":15}},"23":{"start":{"line":100,"column":6},"end":{"line":100,"column":38}},"24":{"start":{"line":105,"column":6},"end":{"line":105,"column":30}},"25":{"start":{"line":108,"column":33},"end":{"line":113,"column":4}},"26":{"start":{"line":110,"column":27},"end":{"line":112,"column":5}},"27":{"start":{"line":114,"column":18},"end":{"line":114,"column":36}},"28":{"start":{"line":115,"column":2},"end":{"line":115,"column":18}},"29":{"start":{"line":117,"column":2},"end":{"line":159,"column":4}},"30":{"start":{"line":126,"column":65},"end":{"line":126,"column":82}}},"fnMap":{"0":{"name":"(anonymous_0)","decl":{"start":{"line":20,"column":29},"end":{"line":20,"column":30}},"loc":{"start":{"line":20,"column":41},"end":{"line":42,"column":1}},"line":20},"1":{"name":"ImgMediaCard","decl":{"start":{"line":44,"column":24},"end":{"line":44,"column":36}},"loc":{"start":{"line":55,"column":3},"end":{"line":160,"column":1}},"line":55},"2":{"name":"(anonymous_2)","decl":{"start":{"line":60,"column":26},"end":{"line":60,"column":27}},"loc":{"start":{"line":60,"column":32},"end":{"line":66,"column":3}},"line":60},"3":{"name":"(anonymous_3)","decl":{"start":{"line":62,"column":19},"end":{"line":62,"column":20}},"loc":{"start":{"line":62,"column":29},"end":{"line":64,"column":7}},"line":62},"4":{"name":"(anonymous_4)","decl":{"start":{"line":70,"column":4},"end":{"line":70,"column":5}},"loc":{"start":{"line":70,"column":25},"end":{"line":106,"column":5}},"line":70},"5":{"name":"(anonymous_5)","decl":{"start":{"line":110,"column":13},"end":{"line":110,"column":14}},"loc":{"start":{"line":110,"column":27},"end":{"line":112,"column":5}},"line":110},"6":{"name":"(anonymous_6)","decl":{"start":{"line":126,"column":59},"end":{"line":126,"column":60}},"loc":{"start":{"line":126,"column":65},"end":{"line":126,"column":82}},"line":126}},"branchMap":{"0":{"loc":{"start":{"line":71,"column":6},"end":{"line":73,"column":7}},"type":"if","locations":[{"start":{"line":71,"column":6},"end":{"line":73,"column":7}},{"start":{"line":71,"column":6},"end":{"line":73,"column":7}}],"line":71},"1":{"loc":{"start":{"line":77,"column":6},"end":{"line":79,"column":7}},"type":"if","locations":[{"start":{"line":77,"column":6},"end":{"line":79,"column":7}},{"start":{"line":77,"column":6},"end":{"line":79,"column":7}}],"line":77},"2":{"loc":{"start":{"line":92,"column":6},"end":{"line":94,"column":7}},"type":"if","locations":[{"start":{"line":92,"column":6},"end":{"line":94,"column":7}},{"start":{"line":92,"column":6},"end":{"line":94,"column":7}}],"line":92},"3":{"loc":{"start":{"line":92,"column":10},"end":{"line":92,"column":63}},"type":"binary-expr","locations":[{"start":{"line":92,"column":10},"end":{"line":92,"column":32}},{"start":{"line":92,"column":36},"end":{"line":92,"column":63}}],"line":92},"4":{"loc":{"start":{"line":96,"column":6},"end":{"line":98,"column":7}},"type":"if","locations":[{"start":{"line":96,"column":6},"end":{"line":98,"column":7}},{"start":{"line":96,"column":6},"end":{"line":98,"column":7}}],"line":96},"5":{"loc":{"start":{"line":96,"column":10},"end":{"line":96,"column":63}},"type":"binary-expr","locations":[{"start":{"line":96,"column":10},"end":{"line":96,"column":32}},{"start":{"line":96,"column":36},"end":{"line":96,"column":63}}],"line":96},"6":{"loc":{"start":{"line":114,"column":18},"end":{"line":114,"column":36}},"type":"cond-expr","locations":[{"start":{"line":114,"column":31},"end":{"line":114,"column":32}},{"start":{"line":114,"column":35},"end":{"line":114,"column":36}}],"line":114},"7":{"loc":{"start":{"line":122,"column":25},"end":{"line":122,"column":79}},"type":"binary-expr","locations":[{"start":{"line":122,"column":25},"end":{"line":122,"column":63}},{"start":{"line":122,"column":67},"end":{"line":122,"column":79}}],"line":122},"8":{"loc":{"start":{"line":122,"column":26},"end":{"line":122,"column":54}},"type":"binary-expr","locations":[{"start":{"line":122,"column":26},"end":{"line":122,"column":36}},{"start":{"line":122,"column":40},"end":{"line":122,"column":54}}],"line":122}},"s":{"0":2,"1":2,"2":0,"3":0,"4":0,"5":0,"6":0,"7":0,"8":0,"9":0,"10":0,"11":0,"12":0,"13":0,"14":0,"15":0,"16":0,"17":0,"18":0,"19":0,"20":0,"21":0,"22":0,"23":0,"24":0,"25":0,"26":0,"27":0,"28":0,"29":0,"30":0},"f":{"0":0,"1":0,"2":0,"3":0,"4":0,"5":0,"6":0},"b":{"0":[0,0],"1":[0,0],"2":[0,0],"3":[0,0],"4":[0,0],"5":[0,0],"6":[0,0],"7":[0,0],"8":[0,0]},"_coverageSchema":"1a1c01bbd47fc00a2c39e90264f33305004495a9","hash":"1b00d871ac1631e01243ccfbe8919fe8f68581d8"}
,"C:\\Users\\ikwal\\code\\qasong\\frontend\\src\\components\\QueueSection\\QueueRow\\QueueRow.js": {"path":"C:\\Users\\ikwal\\code\\qasong\\frontend\\src\\components\\QueueSection\\QueueRow\\QueueRow.js","statementMap":{"0":{"start":{"line":11,"column":21},"end":{"line":11,"column":57}},"1":{"start":{"line":13,"column":18},"end":{"line":29,"column":3}},"2":{"start":{"line":13,"column":41},"end":{"line":29,"column":1}},"3":{"start":{"line":43,"column":18},"end":{"line":43,"column":29}},"4":{"start":{"line":45,"column":14},"end":{"line":45,"column":26}},"5":{"start":{"line":47,"column":26},"end":{"line":54,"column":3}},"6":{"start":{"line":48,"column":4},"end":{"line":48,"column":24}},"7":{"start":{"line":49,"column":4},"end":{"line":53,"column":6}},"8":{"start":{"line":51,"column":8},"end":{"line":51,"column":32}},"9":{"start":{"line":56,"column":19},"end":{"line":95,"column":4}},"10":{"start":{"line":59,"column":6},"end":{"line":61,"column":7}},"11":{"start":{"line":60,"column":8},"end":{"line":60,"column":15}},"12":{"start":{"line":62,"column":24},"end":{"line":62,"column":34}},"13":{"start":{"line":63,"column":25},"end":{"line":63,"column":30}},"14":{"start":{"line":65,"column":6},"end":{"line":67,"column":7}},"15":{"start":{"line":66,"column":8},"end":{"line":66,"column":15}},"16":{"start":{"line":69,"column":32},"end":{"line":69,"column":68}},"17":{"start":{"line":71,"column":27},"end":{"line":71,"column":81}},"18":{"start":{"line":73,"column":27},"end":{"line":73,"column":52}},"19":{"start":{"line":75,"column":27},"end":{"line":75,"column":65}},"20":{"start":{"line":80,"column":6},"end":{"line":82,"column":7}},"21":{"start":{"line":81,"column":8},"end":{"line":81,"column":15}},"22":{"start":{"line":84,"column":6},"end":{"line":86,"column":7}},"23":{"start":{"line":85,"column":8},"end":{"line":85,"column":15}},"24":{"start":{"line":88,"column":6},"end":{"line":88,"column":38}},"25":{"start":{"line":93,"column":6},"end":{"line":93,"column":30}},"26":{"start":{"line":96,"column":42},"end":{"line":101,"column":4}},"27":{"start":{"line":98,"column":27},"end":{"line":100,"column":5}},"28":{"start":{"line":103,"column":18},"end":{"line":103,"column":36}},"29":{"start":{"line":104,"column":2},"end":{"line":104,"column":18}},"30":{"start":{"line":106,"column":2},"end":{"line":151,"column":4}},"31":{"start":{"line":111,"column":21},"end":{"line":111,"column":41}}},"fnMap":{"0":{"name":"(anonymous_0)","decl":{"start":{"line":13,"column":29},"end":{"line":13,"column":30}},"loc":{"start":{"line":13,"column":41},"end":{"line":29,"column":1}},"line":13},"1":{"name":"ImgMediaCard","decl":{"start":{"line":31,"column":24},"end":{"line":31,"column":36}},"loc":{"start":{"line":42,"column":3},"end":{"line":152,"column":1}},"line":42},"2":{"name":"(anonymous_2)","decl":{"start":{"line":47,"column":26},"end":{"line":47,"column":27}},"loc":{"start":{"line":47,"column":33},"end":{"line":54,"column":3}},"line":47},"3":{"name":"(anonymous_3)","decl":{"start":{"line":50,"column":19},"end":{"line":50,"column":20}},"loc":{"start":{"line":50,"column":29},"end":{"line":52,"column":7}},"line":50},"4":{"name":"(anonymous_4)","decl":{"start":{"line":58,"column":4},"end":{"line":58,"column":5}},"loc":{"start":{"line":58,"column":25},"end":{"line":94,"column":5}},"line":58},"5":{"name":"(anonymous_5)","decl":{"start":{"line":98,"column":13},"end":{"line":98,"column":14}},"loc":{"start":{"line":98,"column":27},"end":{"line":100,"column":5}},"line":98},"6":{"name":"(anonymous_6)","decl":{"start":{"line":111,"column":15},"end":{"line":111,"column":16}},"loc":{"start":{"line":111,"column":21},"end":{"line":111,"column":41}},"line":111}},"branchMap":{"0":{"loc":{"start":{"line":59,"column":6},"end":{"line":61,"column":7}},"type":"if","locations":[{"start":{"line":59,"column":6},"end":{"line":61,"column":7}},{"start":{"line":59,"column":6},"end":{"line":61,"column":7}}],"line":59},"1":{"loc":{"start":{"line":65,"column":6},"end":{"line":67,"column":7}},"type":"if","locations":[{"start":{"line":65,"column":6},"end":{"line":67,"column":7}},{"start":{"line":65,"column":6},"end":{"line":67,"column":7}}],"line":65},"2":{"loc":{"start":{"line":80,"column":6},"end":{"line":82,"column":7}},"type":"if","locations":[{"start":{"line":80,"column":6},"end":{"line":82,"column":7}},{"start":{"line":80,"column":6},"end":{"line":82,"column":7}}],"line":80},"3":{"loc":{"start":{"line":80,"column":10},"end":{"line":80,"column":63}},"type":"binary-expr","locations":[{"start":{"line":80,"column":10},"end":{"line":80,"column":32}},{"start":{"line":80,"column":36},"end":{"line":80,"column":63}}],"line":80},"4":{"loc":{"start":{"line":84,"column":6},"end":{"line":86,"column":7}},"type":"if","locations":[{"start":{"line":84,"column":6},"end":{"line":86,"column":7}},{"start":{"line":84,"column":6},"end":{"line":86,"column":7}}],"line":84},"5":{"loc":{"start":{"line":84,"column":10},"end":{"line":84,"column":63}},"type":"binary-expr","locations":[{"start":{"line":84,"column":10},"end":{"line":84,"column":32}},{"start":{"line":84,"column":36},"end":{"line":84,"column":63}}],"line":84},"6":{"loc":{"start":{"line":103,"column":18},"end":{"line":103,"column":36}},"type":"cond-expr","locations":[{"start":{"line":103,"column":31},"end":{"line":103,"column":32}},{"start":{"line":103,"column":35},"end":{"line":103,"column":36}}],"line":103},"7":{"loc":{"start":{"line":116,"column":25},"end":{"line":116,"column":79}},"type":"binary-expr","locations":[{"start":{"line":116,"column":25},"end":{"line":116,"column":63}},{"start":{"line":116,"column":67},"end":{"line":116,"column":79}}],"line":116},"8":{"loc":{"start":{"line":116,"column":26},"end":{"line":116,"column":54}},"type":"binary-expr","locations":[{"start":{"line":116,"column":26},"end":{"line":116,"column":36}},{"start":{"line":116,"column":40},"end":{"line":116,"column":54}}],"line":116}},"s":{"0":1,"1":1,"2":0,"3":0,"4":0,"5":0,"6":0,"7":0,"8":0,"9":0,"10":0,"11":0,"12":0,"13":0,"14":0,"15":0,"16":0,"17":0,"18":0,"19":0,"20":0,"21":0,"22":0,"23":0,"24":0,"25":0,"26":0,"27":0,"28":0,"29":0,"30":0,"31":0},"f":{"0":0,"1":0,"2":0,"3":0,"4":0,"5":0,"6":0},"b":{"0":[0,0],"1":[0,0],"2":[0,0],"3":[0,0],"4":[0,0],"5":[0,0],"6":[0,0],"7":[0,0],"8":[0,0]},"_coverageSchema":"1a1c01bbd47fc00a2c39e90264f33305004495a9","hash":"19c71d41303179894936a8fd36f5082717f6ebd6"}
,"C:\\Users\\ikwal\\code\\qasong\\frontend\\src\\components\\QueueSection\\SaveQueueButton\\SaveQueueButton.js": {"path":"C:\\Users\\ikwal\\code\\qasong\\frontend\\src\\components\\QueueSection\\SaveQueueButton\\SaveQueueButton.js","statementMap":{"0":{"start":{"line":9,"column":4},"end":{"line":14,"column":7}},"1":{"start":{"line":17,"column":2},"end":{"line":30,"column":4}}},"fnMap":{"0":{"name":"ShareButton","decl":{"start":{"line":7,"column":9},"end":{"line":7,"column":20}},"loc":{"start":{"line":7,"column":42},"end":{"line":31,"column":1}},"line":7},"1":{"name":"handleClick","decl":{"start":{"line":8,"column":11},"end":{"line":8,"column":22}},"loc":{"start":{"line":8,"column":25},"end":{"line":15,"column":3}},"line":8}},"branchMap":{"0":{"loc":{"start":{"line":25,"column":15},"end":{"line":25,"column":49}},"type":"cond-expr","locations":[{"start":{"line":25,"column":26},"end":{"line":25,"column":35}},{"start":{"line":25,"column":38},"end":{"line":25,"column":49}}],"line":25}},"s":{"0":0,"1":0},"f":{"0":0,"1":0},"b":{"0":[0,0]},"_coverageSchema":"1a1c01bbd47fc00a2c39e90264f33305004495a9","hash":"08325cb6200afdbf38cc0af41705edbf4fbef3fe"}
,"C:\\Users\\ikwal\\code\\qasong\\frontend\\src\\components\\QueueSection\\ShuffleButton\\ShuffleButton.js": {"path":"C:\\Users\\ikwal\\code\\qasong\\frontend\\src\\components\\QueueSection\\ShuffleButton\\ShuffleButton.js","statementMap":{"0":{"start":{"line":7,"column":22},"end":{"line":11,"column":3}},"1":{"start":{"line":8,"column":4},"end":{"line":8,"column":29}},"2":{"start":{"line":10,"column":4},"end":{"line":10,"column":28}},"3":{"start":{"line":13,"column":2},"end":{"line":30,"column":4}}},"fnMap":{"0":{"name":"ShareButton","decl":{"start":{"line":6,"column":9},"end":{"line":6,"column":20}},"loc":{"start":{"line":6,"column":67},"end":{"line":31,"column":1}},"line":6},"1":{"name":"(anonymous_1)","decl":{"start":{"line":7,"column":22},"end":{"line":7,"column":23}},"loc":{"start":{"line":7,"column":28},"end":{"line":11,"column":3}},"line":7}},"branchMap":{"0":{"loc":{"start":{"line":15,"column":22},"end":{"line":15,"column":83}},"type":"cond-expr","locations":[{"start":{"line":15,"column":33},"end":{"line":15,"column":78}},{"start":{"line":15,"column":81},"end":{"line":15,"column":83}}],"line":15},"1":{"loc":{"start":{"line":23,"column":19},"end":{"line":23,"column":53}},"type":"cond-expr","locations":[{"start":{"line":23,"column":30},"end":{"line":23,"column":39}},{"start":{"line":23,"column":42},"end":{"line":23,"column":53}}],"line":23}},"s":{"0":0,"1":0,"2":0,"3":0},"f":{"0":0,"1":0},"b":{"0":[0,0],"1":[0,0]},"_coverageSchema":"1a1c01bbd47fc00a2c39e90264f33305004495a9","hash":"8a7584d419ffc8eeb509d044085d12ace23437e4"}
,"C:\\Users\\ikwal\\code\\qasong\\frontend\\src\\components\\SearchResults\\GridView\\GridView.js": {"path":"C:\\Users\\ikwal\\code\\qasong\\frontend\\src\\components\\SearchResults\\GridView\\GridView.js","statementMap":{"0":{"start":{"line":14,"column":2},"end":{"line":47,"column":4}},"1":{"start":{"line":23,"column":25},"end":{"line":23,"column":53}},"2":{"start":{"line":31,"column":10},"end":{"line":43,"column":12}}},"fnMap":{"0":{"name":"GridView","decl":{"start":{"line":6,"column":9},"end":{"line":6,"column":17}},"loc":{"start":{"line":13,"column":3},"end":{"line":48,"column":1}},"line":13},"1":{"name":"(anonymous_1)","decl":{"start":{"line":23,"column":19},"end":{"line":23,"column":20}},"loc":{"start":{"line":23,"column":25},"end":{"line":23,"column":53}},"line":23},"2":{"name":"(anonymous_2)","decl":{"start":{"line":30,"column":35},"end":{"line":30,"column":36}},"loc":{"start":{"line":30,"column":46},"end":{"line":44,"column":9}},"line":30}},"branchMap":{},"s":{"0":1,"1":0,"2":0},"f":{"0":1,"1":0,"2":0},"b":{},"_coverageSchema":"1a1c01bbd47fc00a2c39e90264f33305004495a9","hash":"baff35d14d938fdcd22f83966b50678ea890d8f4"}
,"C:\\Users\\ikwal\\code\\qasong\\frontend\\src\\components\\SearchResults\\GridView\\ResultCard\\ResultCard.js": {"path":"C:\\Users\\ikwal\\code\\qasong\\frontend\\src\\components\\SearchResults\\GridView\\ResultCard\\ResultCard.js","statementMap":{"0":{"start":{"line":14,"column":21},"end":{"line":14,"column":57}},"1":{"start":{"line":16,"column":18},"end":{"line":42,"column":3}},"2":{"start":{"line":16,"column":41},"end":{"line":42,"column":1}},"3":{"start":{"line":51,"column":18},"end":{"line":51,"column":29}},"4":{"start":{"line":52,"column":32},"end":{"line":52,"column":47}},"5":{"start":{"line":54,"column":2},"end":{"line":60,"column":19}},"6":{"start":{"line":55,"column":4},"end":{"line":59,"column":5}},"7":{"start":{"line":56,"column":6},"end":{"line":56,"column":23}},"8":{"start":{"line":58,"column":6},"end":{"line":58,"column":24}},"9":{"start":{"line":63,"column":4},"end":{"line":63,"column":28}},"10":{"start":{"line":65,"column":4},"end":{"line":71,"column":5}},"11":{"start":{"line":66,"column":6},"end":{"line":66,"column":27}},"12":{"start":{"line":67,"column":6},"end":{"line":67,"column":23}},"13":{"start":{"line":69,"column":6},"end":{"line":69,"column":24}},"14":{"start":{"line":70,"column":6},"end":{"line":70,"column":24}},"15":{"start":{"line":75,"column":4},"end":{"line":75,"column":28}},"16":{"start":{"line":76,"column":4},"end":{"line":81,"column":6}},"17":{"start":{"line":84,"column":2},"end":{"line":119,"column":4}}},"fnMap":{"0":{"name":"(anonymous_0)","decl":{"start":{"line":16,"column":29},"end":{"line":16,"column":30}},"loc":{"start":{"line":16,"column":41},"end":{"line":42,"column":1}},"line":16},"1":{"name":"ResultCard","decl":{"start":{"line":44,"column":24},"end":{"line":44,"column":34}},"loc":{"start":{"line":50,"column":3},"end":{"line":120,"column":1}},"line":50},"2":{"name":"(anonymous_2)","decl":{"start":{"line":54,"column":12},"end":{"line":54,"column":13}},"loc":{"start":{"line":54,"column":18},"end":{"line":60,"column":3}},"line":54},"3":{"name":"handlePlayButton","decl":{"start":{"line":62,"column":11},"end":{"line":62,"column":27}},"loc":{"start":{"line":62,"column":35},"end":{"line":72,"column":3}},"line":62},"4":{"name":"handleAddQueue","decl":{"start":{"line":74,"column":11},"end":{"line":74,"column":25}},"loc":{"start":{"line":74,"column":33},"end":{"line":82,"column":3}},"line":74}},"branchMap":{"0":{"loc":{"start":{"line":55,"column":4},"end":{"line":59,"column":5}},"type":"if","locations":[{"start":{"line":55,"column":4},"end":{"line":59,"column":5}},{"start":{"line":55,"column":4},"end":{"line":59,"column":5}}],"line":55},"1":{"loc":{"start":{"line":55,"column":8},"end":{"line":55,"column":58}},"type":"binary-expr","locations":[{"start":{"line":55,"column":8},"end":{"line":55,"column":18}},{"start":{"line":55,"column":22},"end":{"line":55,"column":58}}],"line":55},"2":{"loc":{"start":{"line":65,"column":4},"end":{"line":71,"column":5}},"type":"if","locations":[{"start":{"line":65,"column":4},"end":{"line":71,"column":5}},{"start":{"line":65,"column":4},"end":{"line":71,"column":5}}],"line":65},"3":{"loc":{"start":{"line":87,"column":32},"end":{"line":87,"column":55}},"type":"binary-expr","locations":[{"start":{"line":87,"column":32},"end":{"line":87,"column":39}},{"start":{"line":87,"column":43},"end":{"line":87,"column":55}}],"line":87}},"s":{"0":2,"1":2,"2":1,"3":1,"4":1,"5":1,"6":0,"7":0,"8":0,"9":0,"10":0,"11":0,"12":0,"13":0,"14":0,"15":0,"16":0,"17":1},"f":{"0":1,"1":1,"2":0,"3":0,"4":0},"b":{"0":[0,0],"1":[0,0],"2":[0,0],"3":[1,0]},"_coverageSchema":"1a1c01bbd47fc00a2c39e90264f33305004495a9","hash":"f6cd2266aadf22d05b1bca71e3a575937ac062e7"}
,"C:\\Users\\ikwal\\code\\qasong\\frontend\\src\\components\\SearchResults\\GridView\\ResultCard\\AddToQueueButton\\AddToQueueButton.js": {"path":"C:\\Users\\ikwal\\code\\qasong\\frontend\\src\\components\\SearchResults\\GridView\\ResultCard\\AddToQueueButton\\AddToQueueButton.js","statementMap":{"0":{"start":{"line":6,"column":34},"end":{"line":6,"column":54}},"1":{"start":{"line":8,"column":22},"end":{"line":12,"column":3}},"2":{"start":{"line":9,"column":4},"end":{"line":9,"column":26}},"3":{"start":{"line":10,"column":4},"end":{"line":10,"column":37}},"4":{"start":{"line":11,"column":4},"end":{"line":11,"column":34}},"5":{"start":{"line":14,"column":22},"end":{"line":17,"column":3}},"6":{"start":{"line":15,"column":4},"end":{"line":15,"column":22}},"7":{"start":{"line":16,"column":4},"end":{"line":16,"column":28}},"8":{"start":{"line":19,"column":15},"end":{"line":19,"column":32}},"9":{"start":{"line":20,"column":2},"end":{"line":30,"column":4}}},"fnMap":{"0":{"name":"AddToQueueButton","decl":{"start":{"line":5,"column":9},"end":{"line":5,"column":25}},"loc":{"start":{"line":5,"column":46},"end":{"line":31,"column":1}},"line":5},"1":{"name":"(anonymous_1)","decl":{"start":{"line":8,"column":22},"end":{"line":8,"column":23}},"loc":{"start":{"line":8,"column":33},"end":{"line":12,"column":3}},"line":8},"2":{"name":"(anonymous_2)","decl":{"start":{"line":14,"column":22},"end":{"line":14,"column":23}},"loc":{"start":{"line":14,"column":33},"end":{"line":17,"column":3}},"line":14}},"branchMap":{},"s":{"0":1,"1":1,"2":0,"3":0,"4":0,"5":1,"6":0,"7":0,"8":1,"9":1},"f":{"0":1,"1":0,"2":0},"b":{},"_coverageSchema":"1a1c01bbd47fc00a2c39e90264f33305004495a9","hash":"e1372ca4222eb452e3070a5405c5032f5761cd39"}
,"C:\\Users\\ikwal\\code\\qasong\\frontend\\src\\components\\SearchResults\\TableView\\TableView.js": {"path":"C:\\Users\\ikwal\\code\\qasong\\frontend\\src\\components\\SearchResults\\TableView\\TableView.js","statementMap":{"0":{"start":{"line":25,"column":2},"end":{"line":75,"column":4}},"1":{"start":{"line":38,"column":25},"end":{"line":38,"column":54}},"2":{"start":{"line":59,"column":16},"end":{"line":68,"column":18}}},"fnMap":{"0":{"name":"TableView","decl":{"start":{"line":17,"column":9},"end":{"line":17,"column":18}},"loc":{"start":{"line":24,"column":3},"end":{"line":76,"column":1}},"line":24},"1":{"name":"(anonymous_1)","decl":{"start":{"line":38,"column":19},"end":{"line":38,"column":20}},"loc":{"start":{"line":38,"column":25},"end":{"line":38,"column":54}},"line":38},"2":{"name":"(anonymous_2)","decl":{"start":{"line":58,"column":41},"end":{"line":58,"column":42}},"loc":{"start":{"line":58,"column":52},"end":{"line":69,"column":15}},"line":58}},"branchMap":{},"s":{"0":1,"1":0,"2":0},"f":{"0":1,"1":0,"2":0},"b":{},"_coverageSchema":"1a1c01bbd47fc00a2c39e90264f33305004495a9","hash":"722b249ec3ac074644cba6c895e481d38d6e5b01"}
,"C:\\Users\\ikwal\\code\\qasong\\frontend\\src\\components\\SearchResults\\TableView\\ResultRow\\ResultRow.js": {"path":"C:\\Users\\ikwal\\code\\qasong\\frontend\\src\\components\\SearchResults\\TableView\\ResultRow\\ResultRow.js","statementMap":{"0":{"start":{"line":9,"column":21},"end":{"line":9,"column":57}},"1":{"start":{"line":11,"column":18},"end":{"line":22,"column":2}},"2":{"start":{"line":25,"column":18},"end":{"line":25,"column":29}},"3":{"start":{"line":26,"column":32},"end":{"line":26,"column":47}},"4":{"start":{"line":28,"column":2},"end":{"line":34,"column":19}},"5":{"start":{"line":29,"column":4},"end":{"line":33,"column":5}},"6":{"start":{"line":30,"column":6},"end":{"line":30,"column":23}},"7":{"start":{"line":32,"column":6},"end":{"line":32,"column":24}},"8":{"start":{"line":37,"column":4},"end":{"line":37,"column":28}},"9":{"start":{"line":39,"column":4},"end":{"line":45,"column":5}},"10":{"start":{"line":40,"column":6},"end":{"line":40,"column":27}},"11":{"start":{"line":41,"column":6},"end":{"line":41,"column":23}},"12":{"start":{"line":43,"column":6},"end":{"line":43,"column":24}},"13":{"start":{"line":44,"column":6},"end":{"line":44,"column":24}},"14":{"start":{"line":49,"column":4},"end":{"line":49,"column":28}},"15":{"start":{"line":50,"column":4},"end":{"line":55,"column":6}},"16":{"start":{"line":58,"column":2},"end":{"line":83,"column":4}}},"fnMap":{"0":{"name":"ResultRow","decl":{"start":{"line":24,"column":24},"end":{"line":24,"column":33}},"loc":{"start":{"line":24,"column":89},"end":{"line":84,"column":1}},"line":24},"1":{"name":"(anonymous_1)","decl":{"start":{"line":28,"column":12},"end":{"line":28,"column":13}},"loc":{"start":{"line":28,"column":18},"end":{"line":34,"column":3}},"line":28},"2":{"name":"handlePlayButton","decl":{"start":{"line":36,"column":11},"end":{"line":36,"column":27}},"loc":{"start":{"line":36,"column":35},"end":{"line":46,"column":3}},"line":36},"3":{"name":"handleAddQueue","decl":{"start":{"line":48,"column":11},"end":{"line":48,"column":25}},"loc":{"start":{"line":48,"column":33},"end":{"line":56,"column":3}},"line":48}},"branchMap":{"0":{"loc":{"start":{"line":29,"column":4},"end":{"line":33,"column":5}},"type":"if","locations":[{"start":{"line":29,"column":4},"end":{"line":33,"column":5}},{"start":{"line":29,"column":4},"end":{"line":33,"column":5}}],"line":29},"1":{"loc":{"start":{"line":29,"column":8},"end":{"line":29,"column":58}},"type":"binary-expr","locations":[{"start":{"line":29,"column":8},"end":{"line":29,"column":18}},{"start":{"line":29,"column":22},"end":{"line":29,"column":58}}],"line":29},"2":{"loc":{"start":{"line":39,"column":4},"end":{"line":45,"column":5}},"type":"if","locations":[{"start":{"line":39,"column":4},"end":{"line":45,"column":5}},{"start":{"line":39,"column":4},"end":{"line":45,"column":5}}],"line":39},"3":{"loc":{"start":{"line":62,"column":32},"end":{"line":62,"column":55}},"type":"binary-expr","locations":[{"start":{"line":62,"column":32},"end":{"line":62,"column":39}},{"start":{"line":62,"column":43},"end":{"line":62,"column":55}}],"line":62}},"s":{"0":2,"1":2,"2":1,"3":1,"4":1,"5":0,"6":0,"7":0,"8":0,"9":0,"10":0,"11":0,"12":0,"13":0,"14":0,"15":0,"16":1},"f":{"0":1,"1":0,"2":0,"3":0},"b":{"0":[0,0],"1":[0,0],"2":[0,0],"3":[1,0]},"_coverageSchema":"1a1c01bbd47fc00a2c39e90264f33305004495a9","hash":"f60907de7d21678b1be18761d22a40d3f1ffca4f"}
,"C:\\Users\\ikwal\\code\\qasong\\frontend\\src\\components\\SearchResults\\TableView\\ResultRow\\AddToQueueButton\\AddToQueueButton.js": {"path":"C:\\Users\\ikwal\\code\\qasong\\frontend\\src\\components\\SearchResults\\TableView\\ResultRow\\AddToQueueButton\\AddToQueueButton.js","statementMap":{"0":{"start":{"line":6,"column":34},"end":{"line":6,"column":54}},"1":{"start":{"line":8,"column":22},"end":{"line":12,"column":3}},"2":{"start":{"line":9,"column":4},"end":{"line":9,"column":26}},"3":{"start":{"line":10,"column":4},"end":{"line":10,"column":37}},"4":{"start":{"line":11,"column":4},"end":{"line":11,"column":34}},"5":{"start":{"line":14,"column":22},"end":{"line":17,"column":3}},"6":{"start":{"line":15,"column":4},"end":{"line":15,"column":22}},"7":{"start":{"line":16,"column":4},"end":{"line":16,"column":28}},"8":{"start":{"line":19,"column":15},"end":{"line":19,"column":32}},"9":{"start":{"line":20,"column":2},"end":{"line":29,"column":4}}},"fnMap":{"0":{"name":"AddToQueueButton","decl":{"start":{"line":5,"column":9},"end":{"line":5,"column":25}},"loc":{"start":{"line":5,"column":46},"end":{"line":30,"column":1}},"line":5},"1":{"name":"(anonymous_1)","decl":{"start":{"line":8,"column":22},"end":{"line":8,"column":23}},"loc":{"start":{"line":8,"column":33},"end":{"line":12,"column":3}},"line":8},"2":{"name":"(anonymous_2)","decl":{"start":{"line":14,"column":22},"end":{"line":14,"column":23}},"loc":{"start":{"line":14,"column":33},"end":{"line":17,"column":3}},"line":14}},"branchMap":{},"s":{"0":1,"1":1,"2":0,"3":0,"4":0,"5":1,"6":0,"7":0,"8":1,"9":1},"f":{"0":1,"1":0,"2":0},"b":{},"_coverageSchema":"1a1c01bbd47fc00a2c39e90264f33305004495a9","hash":"60b55c170beaa8a97abebf5df1bd212e4dcc1221"}
}
