TN:
SF:src/functions.js
FN:5,setDefaultToken
FN:9,getYoutubeIdFromSearch
FN:16,(anonymous_2)
FN:19,(anonymous_3)
FN:25,getNodeEnvironment
FN:28,(anonymous_5)
FN:31,(anonymous_6)
FN:37,getBillboardTop100
FN:40,(anonymous_8)
FN:43,(anonymous_9)
FN:49,getQueueFromIds
FN:52,(anonymous_11)
FN:55,(anonymous_12)
FN:61,getFeed
FN:64,(anonymous_14)
FN:67,(anonymous_15)
FN:75,getPlaylists
FN:86,updatePlaylists
FN:90,getPlaylist
FN:91,(anonymous_19)
FN:95,addPlaylist
FN:101,updatePlaylist
FN:102,(anonymous_22)
FN:113,removePlaylist
FN:114,(anonymous_24)
FN:121,formatVideoTitle
FN:129,copyCurrentURL
FN:142,shuffle
FN:144,(anonymous_28)
FN:153,getDurationFromQueue
FN:154,(anonymous_30)
FN:168,numberWithCommas
FN:174,formatSeconds
FNF:33
FNH:7
FNDA:0,setDefaultToken
FNDA:0,getYoutubeIdFromSearch
FNDA:0,(anonymous_2)
FNDA:0,(anonymous_3)
FNDA:0,getNodeEnvironment
FNDA:0,(anonymous_5)
FNDA:0,(anonymous_6)
FNDA:0,getBillboardTop100
FNDA:0,(anonymous_8)
FNDA:0,(anonymous_9)
FNDA:0,getQueueFromIds
FNDA:0,(anonymous_11)
FNDA:0,(anonymous_12)
FNDA:0,getFeed
FNDA:0,(anonymous_14)
FNDA:0,(anonymous_15)
FNDA:0,getPlaylists
FNDA:0,updatePlaylists
FNDA:0,getPlaylist
FNDA:0,(anonymous_19)
FNDA:0,addPlaylist
FNDA:0,updatePlaylist
FNDA:0,(anonymous_22)
FNDA:0,removePlaylist
FNDA:0,(anonymous_24)
FNDA:1,formatVideoTitle
FNDA:0,copyCurrentURL
FNDA:2,shuffle
FNDA:27,(anonymous_28)
FNDA:2,getDurationFromQueue
FNDA:3,(anonymous_30)
FNDA:2,numberWithCommas
FNDA:2,formatSeconds
DA:3,7
DA:6,0
DA:10,0
DA:11,0
DA:14,0
DA:17,0
DA:20,0
DA:21,0
DA:26,0
DA:29,0
DA:32,0
DA:33,0
DA:38,0
DA:41,0
DA:44,0
DA:45,0
DA:50,0
DA:53,0
DA:56,0
DA:57,0
DA:62,0
DA:65,0
DA:68,0
DA:69,0
DA:76,0
DA:78,0
DA:79,0
DA:80,0
DA:83,0
DA:87,0
DA:91,0
DA:92,0
DA:96,0
DA:97,0
DA:98,0
DA:102,0
DA:103,0
DA:104,0
DA:106,0
DA:109,0
DA:110,0
DA:114,0
DA:115,0
DA:116,0
DA:117,0
DA:122,1
DA:123,0
DA:125,1
DA:130,0
DA:132,0
DA:134,0
DA:136,0
DA:137,0
DA:138,0
DA:139,0
DA:143,2
DA:144,27
DA:146,2
DA:147,2
DA:149,0
DA:154,2
DA:155,3
DA:158,2
DA:159,2
DA:161,2
DA:162,0
DA:164,2
DA:169,2
DA:171,1
DA:175,2
DA:176,2
DA:177,2
DA:179,2
DA:180,2
DA:181,0
DA:182,0
DA:185,2
DA:186,0
DA:187,2
DA:188,0
DA:191,2
DA:192,2
DA:194,0
LF:83
LH:24
BRDA:10,0,0,0
BRDA:10,0,1,0
BRDA:56,1,0,0
BRDA:56,1,1,0
BRDA:61,2,0,0
BRDA:68,3,0,0
BRDA:68,3,1,0
BRDA:78,4,0,0
BRDA:78,4,1,0
BRDA:103,5,0,0
BRDA:103,5,1,0
BRDA:122,6,0,0
BRDA:122,6,1,1
BRDA:146,7,0,2
BRDA:146,7,1,0
BRDA:161,8,0,0
BRDA:161,8,1,2
BRDA:169,9,0,1
BRDA:169,9,1,1
BRDA:179,10,0,2
BRDA:179,10,1,0
BRDA:181,11,0,0
BRDA:181,11,1,0
BRDA:185,12,0,0
BRDA:185,12,1,2
BRDA:187,13,0,0
BRDA:187,13,1,2
BRDA:191,14,0,2
BRDA:191,14,1,0
BRF:29
BRH:9
end_of_record
TN:
SF:src/components/AppBar/AppBar.js
FN:10,(anonymous_0)
FN:25,QasongAppBar
FN:37,(anonymous_2)
FN:38,(anonymous_3)
FN:44,(anonymous_4)
FNF:5
FNH:2
FNDA:1,(anonymous_0)
FNDA:1,QasongAppBar
FNDA:0,(anonymous_2)
FNDA:0,(anonymous_3)
FNDA:0,(anonymous_4)
DA:10,1
DA:33,1
DA:35,1
DA:37,1
DA:38,0
DA:39,0
DA:42,0
DA:44,0
DA:47,1
LF:9
LH:5
BRDA:51,0,0,0
BRDA:51,0,1,1
BRDA:66,1,0,0
BRDA:66,1,1,1
BRF:4
BRH:2
end_of_record
TN:
SF:src/components/AppBar/Menu/Menu.js
FN:16,MobileMenu
FN:25,(anonymous_1)
FN:29,(anonymous_2)
FN:33,handleQueueButtonClick
FN:37,handleBillboardClick
FN:41,handlePlaylistClick
FN:45,handleSettingsClick
FN:50,handleAboutUsClick
FNF:8
FNH:1
FNDA:1,MobileMenu
FNDA:0,(anonymous_1)
FNDA:0,(anonymous_2)
FNDA:0,handleQueueButtonClick
FNDA:0,handleBillboardClick
FNDA:0,handlePlaylistClick
FNDA:0,handleSettingsClick
FNDA:0,handleAboutUsClick
DA:10,2
DA:17,1
DA:19,1
DA:21,1
DA:23,1
DA:25,1
DA:26,0
DA:29,1
DA:30,0
DA:34,0
DA:38,0
DA:42,0
DA:46,0
DA:47,0
DA:51,0
DA:52,0
DA:55,1
DA:56,1
LF:18
LH:9
BRF:0
BRH:0
end_of_record
TN:
SF:src/components/AppBar/MusicSearch/MusicSearch.js
FN:8,(anonymous_0)
FN:51,MusicSearch
FN:56,(anonymous_2)
FN:66,(anonymous_3)
FNF:4
FNH:2
FNDA:1,(anonymous_0)
FNDA:1,MusicSearch
FNDA:0,(anonymous_2)
FNDA:0,(anonymous_3)
DA:8,2
DA:52,1
DA:53,1
DA:54,1
DA:56,1
DA:57,0
DA:60,1
DA:67,0
DA:68,0
LF:9
LH:6
BRF:0
BRH:0
end_of_record
TN:
SF:src/components/HomeScreen/HomeScreen.js
FN:7,(anonymous_0)
FN:11,HomeScreen
FNF:2
FNH:1
FNDA:0,(anonymous_0)
FNDA:2,HomeScreen
DA:7,1
DA:8,0
DA:27,2
LF:3
LH:2
BRDA:76,0,0,2
BRDA:76,0,1,0
BRF:2
BRH:1
end_of_record
TN:
SF:src/components/HomeScreen/Settings/Settings.js
FN:14,(anonymous_0)
FN:35,TransitionsModal
FN:45,(anonymous_2)
FN:49,handleDarkmodeButtonClick
FN:53,handleChangePlaybackRate
FNF:5
FNH:0
FNDA:0,(anonymous_0)
FNDA:0,TransitionsModal
FNDA:0,(anonymous_2)
FNDA:0,handleDarkmodeButtonClick
FNDA:0,handleChangePlaybackRate
DA:14,1
DA:43,0
DA:45,0
DA:46,0
DA:50,0
DA:54,0
DA:62,0
LF:7
LH:1
BRF:0
BRH:0
end_of_record
TN:
SF:src/components/HomeScreen/WelcomeWindow/WelcomeWindow.js
FN:6,(anonymous_0)
FN:24,TransitionsModal
FN:31,(anonymous_2)
FNF:3
FNH:0
FNDA:0,(anonymous_0)
FNDA:0,TransitionsModal
FNDA:0,(anonymous_2)
DA:6,1
DA:25,0
DA:31,0
DA:32,0
DA:35,0
LF:5
LH:1
BRF:0
BRH:0
end_of_record
TN:
SF:src/components/HomeScreen/WelcomeWindow/Content/Content.js
FN:4,getDaysRemaining
FN:15,Content
FNF:2
FNH:0
FNDA:0,getDaysRemaining
FNDA:0,Content
DA:5,0
DA:7,0
DA:8,0
DA:10,0
DA:11,0
DA:12,0
DA:16,0
LF:7
LH:0
BRF:0
BRH:0
end_of_record
TN:
SF:src/components/LoadingAnimation/LoadingAnimation.js
FN:5,(anonymous_0)
FN:14,LoadingAnimation
FNF:2
FNH:0
FNDA:0,(anonymous_0)
FNDA:0,LoadingAnimation
DA:5,1
DA:15,0
DA:17,0
LF:3
LH:1
BRDA:14,0,0,0
BRDA:14,1,0,0
BRF:2
BRH:0
end_of_record
TN:
SF:src/components/NowPlayingArea/NowPlayingArea.js
FN:26,(anonymous_0)
FN:42,BottomAppBar
FN:63,(anonymous_2)
FN:72,pauseVideo
FN:76,startVideo
FN:80,changeTime
FN:85,handleProgress
FN:96,handleToggleCondensed
FNF:8
FNH:2
FNDA:1,(anonymous_0)
FNDA:2,BottomAppBar
FNDA:0,(anonymous_2)
FNDA:0,pauseVideo
FNDA:0,startVideo
FNDA:0,changeTime
FNDA:0,handleProgress
FNDA:0,handleToggleCondensed
DA:26,1
DA:51,2
DA:53,2
DA:54,2
DA:55,2
DA:56,2
DA:58,2
DA:60,2
DA:61,2
DA:63,2
DA:64,0
DA:65,0
DA:67,0
DA:73,0
DA:77,0
DA:81,0
DA:86,0
DA:87,0
DA:89,0
DA:91,0
DA:92,0
DA:97,0
DA:100,2
DA:101,1
DA:104,1
DA:106,1
LF:26
LH:14
BRDA:64,0,0,0
BRDA:64,0,1,0
BRDA:64,1,0,0
BRDA:64,1,1,0
BRDA:91,2,0,0
BRDA:91,2,1,0
BRDA:100,3,0,1
BRDA:100,3,1,1
BRDA:100,4,0,2
BRDA:100,4,1,1
BRDA:104,5,0,1
BRDA:104,5,1,1
BRDA:127,6,0,0
BRDA:127,6,1,1
BRDA:127,7,0,0
BRDA:127,7,1,1
BRDA:133,8,0,0
BRDA:133,8,1,1
BRDA:133,9,0,0
BRDA:133,9,1,1
BRDA:135,10,0,1
BRDA:135,10,1,0
BRDA:143,11,0,0
BRDA:143,11,1,1
BRDA:153,12,0,1
BRDA:153,12,1,0
BRDA:163,13,0,0
BRDA:163,13,1,1
BRDA:178,14,0,1
BRDA:178,14,1,0
BRDA:195,15,0,0
BRDA:195,15,1,1
BRDA:200,16,0,1
BRDA:200,16,1,1
BRF:34
BRH:18
end_of_record
TN:
SF:src/components/NowPlayingArea/PreviousSongButton/PreviousSongButton.js
FN:5,SkipSongButton
FNF:1
FNH:0
FNDA:0,SkipSongButton
DA:6,0
LF:1
LH:0
BRF:0
BRH:0
end_of_record
TN:
SF:src/components/NowPlayingArea/ProgressBar/ProgressBar.js
FN:6,ProgressBar
FN:7,handleChange
FNF:2
FNH:0
FNDA:0,ProgressBar
FNDA:0,handleChange
DA:8,0
DA:11,0
LF:2
LH:0
BRF:0
BRH:0
end_of_record
TN:
SF:src/components/NowPlayingArea/SkipSongButton/SkipSongButton.js
FN:5,SkipSongButton
FNF:1
FNH:0
FNDA:0,SkipSongButton
DA:6,0
LF:1
LH:0
BRF:0
BRH:0
end_of_record
TN:
SF:src/components/NowPlayingArea/VolumeController/VolumeController.js
FN:12,volumeBar
FN:13,handleChange
FN:21,(anonymous_2)
FN:28,(anonymous_3)
FNF:4
FNH:0
FNDA:0,volumeBar
FNDA:0,handleChange
FNDA:0,(anonymous_2)
FNDA:0,(anonymous_3)
DA:6,1
DA:14,0
DA:16,0
DA:17,0
DA:21,0
DA:28,0
LF:6
LH:1
BRDA:26,0,0,0
BRDA:26,0,1,0
BRF:2
BRH:0
end_of_record
TN:
SF:src/components/NowPlayingArea/YoutubeIframe/YoutubeIframe.js
FN:4,Video
FNF:1
FNH:0
FNDA:0,Video
DA:12,0
DA:13,0
DA:15,0
LF:3
LH:0
BRDA:13,0,0,0
BRDA:13,0,1,0
BRDA:37,1,0,0
BRDA:37,1,1,0
BRF:4
BRH:0
end_of_record
TN:
SF:src/components/PlaylistSection/Playlist/Playlist.js
FN:21,(anonymous_0)
FN:40,Playlist
FN:52,handlePlaylistClick
FN:57,handleAddToQueueClick
FN:58,(anonymous_4)
FN:60,(anonymous_5)
FN:67,handleDeleteClick
FN:71,handleStopSong
FN:76,CollapsedPlaylist
FN:77,(anonymous_9)
FN:87,UncollapsedPlaylist
FN:88,(anonymous_11)
FN:145,(anonymous_12)
FN:166,(anonymous_13)
FNF:14
FNH:2
FNDA:1,(anonymous_0)
FNDA:1,Playlist
FNDA:0,handlePlaylistClick
FNDA:0,handleAddToQueueClick
FNDA:0,(anonymous_4)
FNDA:0,(anonymous_5)
FNDA:0,handleDeleteClick
FNDA:0,handleStopSong
FNDA:0,CollapsedPlaylist
FNDA:0,(anonymous_9)
FNDA:0,UncollapsedPlaylist
FNDA:0,(anonymous_11)
FNDA:0,(anonymous_12)
FNDA:0,(anonymous_13)
DA:21,1
DA:49,1
DA:50,1
DA:53,0
DA:54,0
DA:58,0
DA:60,0
DA:61,0
DA:64,0
DA:68,0
DA:72,0
DA:73,0
DA:77,0
DA:78,0
DA:88,0
DA:89,0
DA:98,1
DA:99,1
DA:145,0
DA:166,0
LF:20
LH:5
BRDA:121,0,0,1
BRDA:121,0,1,0
BRDA:131,1,0,0
BRDA:131,1,1,1
BRDA:141,2,0,1
BRDA:141,2,1,0
BRDA:165,3,0,1
BRDA:165,3,1,0
BRDA:172,4,0,1
BRDA:172,4,1,0
BRF:10
BRH:5
end_of_record
TN:
SF:src/components/PlaylistSection/Playlist/PlaylistItem/PlaylistItem.js
FN:6,PlaylistItem
FN:18,(anonymous_1)
FN:23,(anonymous_2)
FN:56,(anonymous_3)
FN:64,(anonymous_4)
FNF:5
FNH:0
FNDA:0,PlaylistItem
FNDA:0,(anonymous_1)
FNDA:0,(anonymous_2)
FNDA:0,(anonymous_3)
FNDA:0,(anonymous_4)
DA:13,0
DA:14,0
DA:16,0
DA:18,0
DA:19,0
DA:20,0
DA:23,0
DA:24,0
DA:25,0
DA:28,0
DA:29,0
DA:57,0
DA:58,0
DA:65,0
DA:66,0
LF:15
LH:0
BRDA:31,0,0,0
BRDA:31,0,1,0
BRF:2
BRH:0
end_of_record
TN:
SF:src/components/QueueSection/QueueSection.js
FN:30,QueueSection
FN:39,(anonymous_1)
FN:40,(anonymous_2)
FN:43,(anonymous_3)
FN:45,(anonymous_4)
FN:51,(anonymous_5)
FN:102,(anonymous_6)
FN:155,(anonymous_7)
FN:183,(anonymous_8)
FN:199,(anonymous_9)
FNF:10
FNH:2
FNDA:2,QueueSection
FNDA:0,(anonymous_1)
FNDA:0,(anonymous_2)
FNDA:0,(anonymous_3)
FNDA:0,(anonymous_4)
FNDA:0,(anonymous_5)
FNDA:0,(anonymous_6)
FNDA:0,(anonymous_7)
FNDA:2,(anonymous_8)
FNDA:0,(anonymous_9)
DA:31,2
DA:32,2
DA:33,2
DA:39,2
DA:40,0
DA:43,2
DA:44,0
DA:45,0
DA:46,0
DA:50,2
DA:52,0
DA:53,0
DA:65,2
DA:66,0
DA:103,0
DA:132,2
DA:156,0
DA:184,2
DA:200,0
LF:19
LH:9
BRDA:65,0,0,0
BRDA:65,0,1,2
BRDA:138,1,0,2
BRDA:138,1,1,2
BRDA:165,2,0,0
BRDA:165,2,1,2
BRDA:180,3,0,0
BRDA:180,3,1,2
BRDA:181,4,0,2
BRDA:181,4,1,0
BRF:10
BRH:6
end_of_record
TN:
SF:src/components/QueueSection/ClearButton/ClearButton.js
FN:5,ClearButton
FNF:1
FNH:0
FNDA:0,ClearButton
DA:6,0
LF:1
LH:0
BRDA:13,0,0,0
BRDA:13,0,1,0
BRF:2
BRH:0
end_of_record
TN:
SF:src/components/QueueSection/ConfirmClearDialog/ConfirmClearDialog.js
FN:11,ConfirmClearDialog
FN:14,handleClickYes
FN:18,handleClickNo
FNF:3
FNH:0
FNDA:0,ConfirmClearDialog
FNDA:0,handleClickYes
FNDA:0,handleClickNo
DA:12,0
DA:15,0
DA:19,0
DA:22,0
LF:4
LH:0
BRF:0
BRH:0
end_of_record
TN:
SF:src/components/QueueSection/DisplayModeButton/DisplayModeButton.js
FN:6,ShareButton
FN:7,handleClick
FNF:2
FNH:0
FNDA:0,ShareButton
FNDA:0,handleClick
DA:8,0
DA:9,0
DA:11,0
DA:14,0
LF:4
LH:0
BRDA:8,0,0,0
BRDA:8,0,1,0
BRDA:22,1,0,0
BRDA:22,1,1,0
BRDA:24,2,0,0
BRDA:24,2,1,0
BRF:6
BRH:0
end_of_record
TN:
SF:src/components/QueueSection/PlayQueueButton/PlayQueueButton.js
FN:5,ShareButton
FN:6,(anonymous_1)
FNF:2
FNH:0
FNDA:0,ShareButton
FNDA:0,(anonymous_1)
DA:6,0
DA:7,0
DA:10,0
LF:3
LH:0
BRDA:11,0,0,0
BRDA:11,0,1,0
BRDA:19,1,0,0
BRDA:19,1,1,0
BRF:4
BRH:0
end_of_record
TN:
SF:src/components/QueueSection/QueueCard/QueueCard.js
FN:20,(anonymous_0)
FN:44,ImgMediaCard
FN:60,(anonymous_2)
FN:62,(anonymous_3)
FN:70,(anonymous_4)
FN:110,(anonymous_5)
FN:126,(anonymous_6)
FNF:7
FNH:0
FNDA:0,(anonymous_0)
FNDA:0,ImgMediaCard
FNDA:0,(anonymous_2)
FNDA:0,(anonymous_3)
FNDA:0,(anonymous_4)
FNDA:0,(anonymous_5)
FNDA:0,(anonymous_6)
DA:18,2
DA:20,2
DA:56,0
DA:58,0
DA:60,0
DA:61,0
DA:63,0
DA:68,0
DA:71,0
DA:72,0
DA:74,0
DA:75,0
DA:77,0
DA:78,0
DA:81,0
DA:83,0
DA:85,0
DA:87,0
DA:92,0
DA:93,0
DA:96,0
DA:97,0
DA:100,0
DA:105,0
DA:108,0
DA:110,0
DA:114,0
DA:115,0
DA:117,0
DA:126,0
LF:30
LH:2
BRDA:71,0,0,0
BRDA:71,0,1,0
BRDA:77,1,0,0
BRDA:77,1,1,0
BRDA:92,2,0,0
BRDA:92,2,1,0
BRDA:92,3,0,0
BRDA:92,3,1,0
BRDA:96,4,0,0
BRDA:96,4,1,0
BRDA:96,5,0,0
BRDA:96,5,1,0
BRDA:114,6,0,0
BRDA:114,6,1,0
BRDA:122,7,0,0
BRDA:122,7,1,0
BRDA:122,8,0,0
BRDA:122,8,1,0
BRF:18
BRH:0
end_of_record
TN:
SF:src/components/QueueSection/QueueRow/QueueRow.js
FN:13,(anonymous_0)
FN:31,ImgMediaCard
FN:47,(anonymous_2)
FN:50,(anonymous_3)
FN:58,(anonymous_4)
FN:98,(anonymous_5)
FN:111,(anonymous_6)
FNF:7
FNH:0
FNDA:0,(anonymous_0)
FNDA:0,ImgMediaCard
FNDA:0,(anonymous_2)
FNDA:0,(anonymous_3)
FNDA:0,(anonymous_4)
FNDA:0,(anonymous_5)
FNDA:0,(anonymous_6)
DA:11,1
DA:13,1
DA:43,0
DA:45,0
DA:47,0
DA:48,0
DA:49,0
DA:51,0
DA:56,0
DA:59,0
DA:60,0
DA:62,0
DA:63,0
DA:65,0
DA:66,0
DA:69,0
DA:71,0
DA:73,0
DA:75,0
DA:80,0
DA:81,0
DA:84,0
DA:85,0
DA:88,0
DA:93,0
DA:96,0
DA:98,0
DA:103,0
DA:104,0
DA:106,0
DA:111,0
LF:31
LH:2
BRDA:59,0,0,0
BRDA:59,0,1,0
BRDA:65,1,0,0
BRDA:65,1,1,0
BRDA:80,2,0,0
BRDA:80,2,1,0
BRDA:80,3,0,0
BRDA:80,3,1,0
BRDA:84,4,0,0
BRDA:84,4,1,0
BRDA:84,5,0,0
BRDA:84,5,1,0
BRDA:103,6,0,0
BRDA:103,6,1,0
BRDA:116,7,0,0
BRDA:116,7,1,0
BRDA:116,8,0,0
BRDA:116,8,1,0
BRF:18
BRH:0
end_of_record
TN:
SF:src/components/QueueSection/SaveQueueButton/SaveQueueButton.js
FN:7,ShareButton
FN:8,handleClick
FNF:2
FNH:0
FNDA:0,ShareButton
FNDA:0,handleClick
DA:9,0
DA:17,0
LF:2
LH:0
BRDA:25,0,0,0
BRDA:25,0,1,0
BRF:2
BRH:0
end_of_record
TN:
SF:src/components/QueueSection/ShuffleButton/ShuffleButton.js
FN:6,ShareButton
FN:7,(anonymous_1)
FNF:2
FNH:0
FNDA:0,ShareButton
FNDA:0,(anonymous_1)
DA:7,0
DA:8,0
DA:10,0
DA:13,0
LF:4
LH:0
BRDA:15,0,0,0
BRDA:15,0,1,0
BRDA:23,1,0,0
BRDA:23,1,1,0
BRF:4
BRH:0
end_of_record
TN:
SF:src/components/SearchResults/GridView/GridView.js
FN:6,GridView
FN:23,(anonymous_1)
FN:30,(anonymous_2)
FNF:3
FNH:1
FNDA:1,GridView
FNDA:0,(anonymous_1)
FNDA:0,(anonymous_2)
DA:14,1
DA:23,0
DA:31,0
LF:3
LH:1
BRF:0
BRH:0
end_of_record
TN:
SF:src/components/SearchResults/GridView/ResultCard/ResultCard.js
FN:16,(anonymous_0)
FN:44,ResultCard
FN:54,(anonymous_2)
FN:62,handlePlayButton
FN:74,handleAddQueue
FNF:5
FNH:2
FNDA:1,(anonymous_0)
FNDA:1,ResultCard
FNDA:0,(anonymous_2)
FNDA:0,handlePlayButton
FNDA:0,handleAddQueue
DA:14,2
DA:16,2
DA:51,1
DA:52,1
DA:54,1
DA:55,0
DA:56,0
DA:58,0
DA:63,0
DA:65,0
DA:66,0
DA:67,0
DA:69,0
DA:70,0
DA:75,0
DA:76,0
DA:84,1
LF:17
LH:6
BRDA:55,0,0,0
BRDA:55,0,1,0
BRDA:55,1,0,0
BRDA:55,1,1,0
BRDA:65,2,0,0
BRDA:65,2,1,0
BRDA:87,3,0,1
BRDA:87,3,1,0
BRF:8
BRH:1
end_of_record
TN:
SF:src/components/SearchResults/GridView/ResultCard/AddToQueueButton/AddToQueueButton.js
FN:5,AddToQueueButton
FN:8,(anonymous_1)
FN:14,(anonymous_2)
FNF:3
FNH:1
FNDA:1,AddToQueueButton
FNDA:0,(anonymous_1)
FNDA:0,(anonymous_2)
DA:6,1
DA:8,1
DA:9,0
DA:10,0
DA:11,0
DA:14,1
DA:15,0
DA:16,0
DA:19,1
DA:20,1
LF:10
LH:5
BRF:0
BRH:0
end_of_record
TN:
SF:src/components/SearchResults/TableView/TableView.js
FN:17,TableView
FN:38,(anonymous_1)
FN:58,(anonymous_2)
FNF:3
FNH:1
FNDA:1,TableView
FNDA:0,(anonymous_1)
FNDA:0,(anonymous_2)
DA:25,1
DA:38,0
DA:59,0
LF:3
LH:1
BRF:0
BRH:0
end_of_record
TN:
SF:src/components/SearchResults/TableView/ResultRow/ResultRow.js
FN:24,ResultRow
FN:28,(anonymous_1)
FN:36,handlePlayButton
FN:48,handleAddQueue
FNF:4
FNH:1
FNDA:1,ResultRow
FNDA:0,(anonymous_1)
FNDA:0,handlePlayButton
FNDA:0,handleAddQueue
DA:9,2
DA:11,2
DA:25,1
DA:26,1
DA:28,1
DA:29,0
DA:30,0
DA:32,0
DA:37,0
DA:39,0
DA:40,0
DA:41,0
DA:43,0
DA:44,0
DA:49,0
DA:50,0
DA:58,1
LF:17
LH:6
BRDA:29,0,0,0
BRDA:29,0,1,0
BRDA:29,1,0,0
BRDA:29,1,1,0
BRDA:39,2,0,0
BRDA:39,2,1,0
BRDA:62,3,0,1
BRDA:62,3,1,0
BRF:8
BRH:1
end_of_record
TN:
SF:src/components/SearchResults/TableView/ResultRow/AddToQueueButton/AddToQueueButton.js
FN:5,AddToQueueButton
FN:8,(anonymous_1)
FN:14,(anonymous_2)
FNF:3
FNH:1
FNDA:1,AddToQueueButton
FNDA:0,(anonymous_1)
FNDA:0,(anonymous_2)
DA:6,1
DA:8,1
DA:9,0
DA:10,0
DA:11,0
DA:14,1
DA:15,0
DA:16,0
DA:19,1
DA:20,1
LF:10
LH:5
BRF:0
BRH:0
end_of_record
