TN:
SF:src/functions.js
FN:6,setDefaultToken
FN:10,getYoutubeIdFromSearch
FN:17,(anonymous_2)
FN:20,(anonymous_3)
FN:26,getNodeEnvironment
FN:29,(anonymous_5)
FN:32,(anonymous_6)
FN:38,getBillboardTop100
FN:41,(anonymous_8)
FN:44,(anonymous_9)
FN:50,getQueueFromIds
FN:53,(anonymous_11)
FN:56,(anonymous_12)
FN:62,getFeed
FN:65,(anonymous_14)
FN:68,(anonymous_15)
FN:74,postUserFeedback
FN:87,(anonymous_17)
FN:94,getPlaylists
FN:105,updatePlaylists
FN:109,getPlaylist
FN:110,(anonymous_21)
FN:114,addPlaylist
FN:120,updatePlaylist
FN:121,(anonymous_24)
FN:132,removePlaylist
FN:133,(anonymous_26)
FN:140,formatVideoTitle
FN:148,copyCurrentURL
FN:161,shuffle
FN:163,(anonymous_30)
FN:172,getDurationFromQueue
FN:173,(anonymous_32)
FN:187,numberWithCommas
FN:193,formatSeconds
FNF:35
FNH:7
FNDA:0,setDefaultToken
FNDA:0,getYoutubeIdFromSearch
FNDA:0,(anonymous_2)
FNDA:0,(anonymous_3)
FNDA:0,getNodeEnvironment
FNDA:0,(anonymous_5)
FNDA:0,(anonymous_6)
FNDA:0,getBillboardTop100
FNDA:0,(anonymous_8)
FNDA:0,(anonymous_9)
FNDA:0,getQueueFromIds
FNDA:0,(anonymous_11)
FNDA:0,(anonymous_12)
FNDA:0,getFeed
FNDA:0,(anonymous_14)
FNDA:0,(anonymous_15)
FNDA:0,postUserFeedback
FNDA:0,(anonymous_17)
FNDA:0,getPlaylists
FNDA:0,updatePlaylists
FNDA:0,getPlaylist
FNDA:0,(anonymous_21)
FNDA:0,addPlaylist
FNDA:0,updatePlaylist
FNDA:0,(anonymous_24)
FNDA:0,removePlaylist
FNDA:0,(anonymous_26)
FNDA:1,formatVideoTitle
FNDA:0,copyCurrentURL
FNDA:2,shuffle
FNDA:27,(anonymous_30)
FNDA:2,getDurationFromQueue
FNDA:3,(anonymous_32)
FNDA:2,numberWithCommas
FNDA:2,formatSeconds
DA:4,8
DA:7,0
DA:11,0
DA:12,0
DA:15,0
DA:18,0
DA:21,0
DA:22,0
DA:27,0
DA:30,0
DA:33,0
DA:34,0
DA:39,0
DA:42,0
DA:45,0
DA:46,0
DA:51,0
DA:54,0
DA:57,0
DA:58,0
DA:63,0
DA:66,0
DA:69,0
DA:70,0
DA:75,0
DA:80,0
DA:88,0
DA:95,0
DA:97,0
DA:98,0
DA:99,0
DA:102,0
DA:106,0
DA:110,0
DA:111,0
DA:115,0
DA:116,0
DA:117,0
DA:121,0
DA:122,0
DA:123,0
DA:125,0
DA:128,0
DA:129,0
DA:133,0
DA:134,0
DA:135,0
DA:136,0
DA:141,1
DA:142,0
DA:144,1
DA:149,0
DA:151,0
DA:153,0
DA:155,0
DA:156,0
DA:157,0
DA:158,0
DA:162,2
DA:163,27
DA:165,2
DA:166,2
DA:168,0
DA:173,2
DA:174,3
DA:177,2
DA:178,2
DA:180,2
DA:181,0
DA:183,2
DA:188,2
DA:190,1
DA:194,2
DA:195,2
DA:196,2
DA:198,2
DA:199,2
DA:200,0
DA:201,0
DA:204,2
DA:205,0
DA:206,2
DA:207,0
DA:210,2
DA:211,2
DA:213,0
LF:86
LH:24
BRDA:11,0,0,0
BRDA:11,0,1,0
BRDA:57,1,0,0
BRDA:57,1,1,0
BRDA:62,2,0,0
BRDA:69,3,0,0
BRDA:69,3,1,0
BRDA:97,4,0,0
BRDA:97,4,1,0
BRDA:122,5,0,0
BRDA:122,5,1,0
BRDA:141,6,0,0
BRDA:141,6,1,1
BRDA:165,7,0,2
BRDA:165,7,1,0
BRDA:180,8,0,0
BRDA:180,8,1,2
BRDA:188,9,0,1
BRDA:188,9,1,1
BRDA:198,10,0,2
BRDA:198,10,1,0
BRDA:200,11,0,0
BRDA:200,11,1,0
BRDA:204,12,0,0
BRDA:204,12,1,2
BRDA:206,13,0,0
BRDA:206,13,1,2
BRDA:210,14,0,2
BRDA:210,14,1,0
BRF:29
BRH:9
end_of_record
TN:
SF:src/components/AppBar/AppBar.js
FN:8,(anonymous_0)
FN:25,QasongAppBar
FN:38,(anonymous_2)
FN:39,(anonymous_3)
FN:45,(anonymous_4)
FNF:5
FNH:2
FNDA:1,(anonymous_0)
FNDA:1,QasongAppBar
FNDA:0,(anonymous_2)
FNDA:0,(anonymous_3)
FNDA:0,(anonymous_4)
DA:8,1
DA:34,1
DA:36,1
DA:38,1
DA:39,0
DA:40,0
DA:43,0
DA:45,0
DA:48,1
LF:9
LH:5
BRDA:14,0,0,0
BRDA:14,0,1,1
BRDA:52,1,0,0
BRDA:52,1,1,1
BRDA:67,2,0,0
BRDA:67,2,1,1
BRF:6
BRH:3
end_of_record
TN:
SF:src/components/AppBar/Menu/Menu.js
FN:10,(anonymous_0)
FN:20,MobileMenu
FN:29,(anonymous_2)
FN:33,(anonymous_3)
FN:37,handleQueueButtonClick
FN:42,handleBillboardClick
FN:47,handlePlaylistClick
FN:52,handleSettingsClick
FN:57,handleAboutUsClick
FN:62,handleFeedbackClick
FNF:10
FNH:2
FNDA:1,(anonymous_0)
FNDA:1,MobileMenu
FNDA:0,(anonymous_2)
FNDA:0,(anonymous_3)
FNDA:0,handleQueueButtonClick
FNDA:0,handleBillboardClick
FNDA:0,handlePlaylistClick
FNDA:0,handleSettingsClick
FNDA:0,handleAboutUsClick
FNDA:0,handleFeedbackClick
DA:10,2
DA:21,1
DA:23,1
DA:25,1
DA:27,1
DA:29,1
DA:30,0
DA:33,1
DA:34,0
DA:38,0
DA:39,0
DA:43,0
DA:44,0
DA:48,0
DA:49,0
DA:53,0
DA:54,0
DA:58,0
DA:59,0
DA:63,0
DA:64,0
DA:65,0
DA:68,1
DA:69,1
LF:24
LH:9
BRDA:14,0,0,0
BRDA:14,0,1,1
BRF:2
BRH:1
end_of_record
TN:
SF:src/components/AppBar/MusicSearch/MusicSearch.js
FN:8,(anonymous_0)
FN:51,MusicSearch
FN:56,(anonymous_2)
FN:66,(anonymous_3)
FNF:4
FNH:2
FNDA:1,(anonymous_0)
FNDA:1,MusicSearch
FNDA:0,(anonymous_2)
FNDA:0,(anonymous_3)
DA:8,2
DA:52,1
DA:53,1
DA:54,1
DA:56,1
DA:57,0
DA:60,1
DA:67,0
DA:68,0
LF:9
LH:6
BRF:0
BRH:0
end_of_record
TN:
SF:src/components/HomeScreen/HomeScreen.js
FN:8,(anonymous_0)
FN:12,HomeScreen
FNF:2
FNH:1
FNDA:0,(anonymous_0)
FNDA:2,HomeScreen
DA:8,1
DA:9,0
DA:30,2
LF:3
LH:2
BRDA:86,0,0,2
BRDA:86,0,1,0
BRF:2
BRH:1
end_of_record
TN:
SF:src/components/HomeScreen/Settings/Settings.js
FN:14,(anonymous_0)
FN:39,TransitionsModal
FN:49,(anonymous_2)
FN:53,handleDarkmodeButtonClick
FN:57,handleChangePlaybackRate
FNF:5
FNH:0
FNDA:0,(anonymous_0)
FNDA:0,TransitionsModal
FNDA:0,(anonymous_2)
FNDA:0,handleDarkmodeButtonClick
FNDA:0,handleChangePlaybackRate
DA:14,1
DA:47,0
DA:49,0
DA:50,0
DA:54,0
DA:58,0
DA:66,0
LF:7
LH:1
BRDA:27,0,0,0
BRDA:27,0,1,0
BRF:2
BRH:0
end_of_record
TN:
SF:src/components/HomeScreen/UserFeedback/UserFeedback.js
FN:6,(anonymous_0)
FN:16,TransitionsModal
FN:20,(anonymous_2)
FN:24,(anonymous_3)
FN:28,(anonymous_4)
FNF:5
FNH:0
FNDA:0,(anonymous_0)
FNDA:0,TransitionsModal
FNDA:0,(anonymous_2)
FNDA:0,(anonymous_3)
FNDA:0,(anonymous_4)
DA:6,1
DA:17,0
DA:18,0
DA:20,0
DA:21,0
DA:24,0
DA:25,0
DA:28,0
DA:29,0
DA:30,0
DA:31,0
DA:34,0
LF:12
LH:1
BRDA:10,0,0,0
BRDA:10,0,1,0
BRF:2
BRH:0
end_of_record
TN:
SF:src/components/HomeScreen/WelcomeWindow/WelcomeWindow.js
FN:6,(anonymous_0)
FN:27,TransitionsModal
FN:34,(anonymous_2)
FNF:3
FNH:0
FNDA:0,(anonymous_0)
FNDA:0,TransitionsModal
FNDA:0,(anonymous_2)
DA:6,1
DA:28,0
DA:34,0
DA:35,0
DA:38,0
LF:5
LH:1
BRDA:19,0,0,0
BRDA:19,0,1,0
BRF:2
BRH:0
end_of_record
TN:
SF:src/components/HomeScreen/WelcomeWindow/Content/Content.js
FN:15,Content
FNF:1
FNH:0
FNDA:0,Content
DA:16,0
LF:1
LH:0
BRF:0
BRH:0
end_of_record
TN:
SF:src/components/LoadingAnimation/LoadingAnimation.js
FN:5,(anonymous_0)
FN:14,LoadingAnimation
FNF:2
FNH:0
FNDA:0,(anonymous_0)
FNDA:0,LoadingAnimation
DA:5,1
DA:15,0
DA:17,0
LF:3
LH:1
BRDA:14,0,0,0
BRDA:14,1,0,0
BRF:2
BRH:0
end_of_record
TN:
SF:src/components/NowPlayingArea/NowPlayingArea.js
FN:26,(anonymous_0)
FN:44,BottomAppBar
FN:65,(anonymous_2)
FN:74,pauseVideo
FN:78,startVideo
FN:82,changeTime
FN:87,handleProgress
FN:98,handleToggleCondensed
FNF:8
FNH:2
FNDA:1,(anonymous_0)
FNDA:2,BottomAppBar
FNDA:0,(anonymous_2)
FNDA:0,pauseVideo
FNDA:0,startVideo
FNDA:0,changeTime
FNDA:0,handleProgress
FNDA:0,handleToggleCondensed
DA:26,1
DA:53,2
DA:55,2
DA:56,2
DA:57,2
DA:58,2
DA:60,2
DA:62,2
DA:63,2
DA:65,2
DA:66,0
DA:67,0
DA:69,0
DA:75,0
DA:79,0
DA:83,0
DA:88,0
DA:89,0
DA:91,0
DA:93,0
DA:94,0
DA:99,0
DA:102,2
DA:103,1
DA:106,1
DA:108,1
LF:26
LH:14
BRDA:34,0,0,0
BRDA:34,0,1,1
BRDA:66,1,0,0
BRDA:66,1,1,0
BRDA:66,2,0,0
BRDA:66,2,1,0
BRDA:93,3,0,0
BRDA:93,3,1,0
BRDA:102,4,0,1
BRDA:102,4,1,1
BRDA:102,5,0,2
BRDA:102,5,1,1
BRDA:106,6,0,1
BRDA:106,6,1,1
BRDA:129,7,0,0
BRDA:129,7,1,1
BRDA:129,8,0,0
BRDA:129,8,1,1
BRDA:135,9,0,0
BRDA:135,9,1,1
BRDA:135,10,0,0
BRDA:135,10,1,1
BRDA:137,11,0,1
BRDA:137,11,1,0
BRDA:145,12,0,0
BRDA:145,12,1,1
BRDA:155,13,0,1
BRDA:155,13,1,0
BRDA:165,14,0,0
BRDA:165,14,1,1
BRDA:180,15,0,1
BRDA:180,15,1,0
BRDA:197,16,0,0
BRDA:197,16,1,1
BRDA:202,17,0,1
BRDA:202,17,1,1
BRF:36
BRH:19
end_of_record
TN:
SF:src/components/NowPlayingArea/PreviousSongButton/PreviousSongButton.js
FN:5,SkipSongButton
FNF:1
FNH:0
FNDA:0,SkipSongButton
DA:6,0
LF:1
LH:0
BRF:0
BRH:0
end_of_record
TN:
SF:src/components/NowPlayingArea/ProgressBar/ProgressBar.js
FN:6,ProgressBar
FN:7,handleChange
FNF:2
FNH:0
FNDA:0,ProgressBar
FNDA:0,handleChange
DA:8,0
DA:11,0
LF:2
LH:0
BRF:0
BRH:0
end_of_record
TN:
SF:src/components/NowPlayingArea/SkipSongButton/SkipSongButton.js
FN:5,SkipSongButton
FNF:1
FNH:0
FNDA:0,SkipSongButton
DA:6,0
LF:1
LH:0
BRF:0
BRH:0
end_of_record
TN:
SF:src/components/NowPlayingArea/VolumeController/VolumeController.js
FN:12,volumeBar
FN:13,handleChange
FN:21,(anonymous_2)
FN:28,(anonymous_3)
FNF:4
FNH:0
FNDA:0,volumeBar
FNDA:0,handleChange
FNDA:0,(anonymous_2)
FNDA:0,(anonymous_3)
DA:6,1
DA:14,0
DA:16,0
DA:17,0
DA:21,0
DA:28,0
LF:6
LH:1
BRDA:26,0,0,0
BRDA:26,0,1,0
BRF:2
BRH:0
end_of_record
TN:
SF:src/components/NowPlayingArea/YoutubeIframe/YoutubeIframe.js
FN:4,Video
FNF:1
FNH:0
FNDA:0,Video
DA:12,0
DA:13,0
DA:15,0
LF:3
LH:0
BRDA:13,0,0,0
BRDA:13,0,1,0
BRDA:37,1,0,0
BRDA:37,1,1,0
BRF:4
BRH:0
end_of_record
TN:
SF:src/components/PlaylistSection/Playlist/Playlist.js
FN:21,(anonymous_0)
FN:41,Playlist
FN:53,handleToggleCollapsed
FN:57,handlePlaylistClick
FN:62,handleAddToQueueClick
FN:63,(anonymous_5)
FN:65,(anonymous_6)
FN:72,handleDeleteClick
FN:76,handleStopSong
FN:81,CollapsedPlaylist
FN:82,(anonymous_10)
FN:92,UncollapsedPlaylist
FN:93,(anonymous_12)
FN:150,(anonymous_13)
FNF:14
FNH:2
FNDA:1,(anonymous_0)
FNDA:1,Playlist
FNDA:0,handleToggleCollapsed
FNDA:0,handlePlaylistClick
FNDA:0,handleAddToQueueClick
FNDA:0,(anonymous_5)
FNDA:0,(anonymous_6)
FNDA:0,handleDeleteClick
FNDA:0,handleStopSong
FNDA:0,CollapsedPlaylist
FNDA:0,(anonymous_10)
FNDA:0,UncollapsedPlaylist
FNDA:0,(anonymous_12)
FNDA:0,(anonymous_13)
DA:21,1
DA:50,1
DA:51,1
DA:54,0
DA:58,0
DA:59,0
DA:63,0
DA:65,0
DA:66,0
DA:69,0
DA:73,0
DA:77,0
DA:78,0
DA:82,0
DA:83,0
DA:93,0
DA:94,0
DA:103,1
DA:104,1
DA:150,0
LF:20
LH:5
BRDA:126,0,0,1
BRDA:126,0,1,0
BRDA:136,1,0,0
BRDA:136,1,1,1
BRDA:146,2,0,1
BRDA:146,2,1,0
BRDA:170,3,0,1
BRDA:170,3,1,0
BRDA:172,4,0,1
BRDA:172,4,1,0
BRDA:179,5,0,0
BRDA:179,5,1,0
BRF:12
BRH:5
end_of_record
TN:
SF:src/components/PlaylistSection/Playlist/PlaylistItem/PlaylistItem.js
FN:6,PlaylistItem
FN:18,(anonymous_1)
FN:23,(anonymous_2)
FN:56,(anonymous_3)
FN:64,(anonymous_4)
FNF:5
FNH:0
FNDA:0,PlaylistItem
FNDA:0,(anonymous_1)
FNDA:0,(anonymous_2)
FNDA:0,(anonymous_3)
FNDA:0,(anonymous_4)
DA:13,0
DA:14,0
DA:16,0
DA:18,0
DA:19,0
DA:20,0
DA:23,0
DA:24,0
DA:25,0
DA:28,0
DA:29,0
DA:57,0
DA:58,0
DA:65,0
DA:66,0
LF:15
LH:0
BRDA:31,0,0,0
BRDA:31,0,1,0
BRF:2
BRH:0
end_of_record
TN:
SF:src/components/QueueSection/QueueSection.js
FN:30,QueueSection
FN:39,(anonymous_1)
FN:40,(anonymous_2)
FN:43,(anonymous_3)
FN:45,(anonymous_4)
FN:51,(anonymous_5)
FN:102,(anonymous_6)
FN:155,(anonymous_7)
FN:183,(anonymous_8)
FN:199,(anonymous_9)
FNF:10
FNH:2
FNDA:2,QueueSection
FNDA:0,(anonymous_1)
FNDA:0,(anonymous_2)
FNDA:0,(anonymous_3)
FNDA:0,(anonymous_4)
FNDA:0,(anonymous_5)
FNDA:0,(anonymous_6)
FNDA:0,(anonymous_7)
FNDA:2,(anonymous_8)
FNDA:0,(anonymous_9)
DA:31,2
DA:32,2
DA:33,2
DA:39,2
DA:40,0
DA:43,2
DA:44,0
DA:45,0
DA:46,0
DA:50,2
DA:52,0
DA:53,0
DA:65,2
DA:66,0
DA:103,0
DA:132,2
DA:156,0
DA:184,2
DA:200,0
LF:19
LH:9
BRDA:65,0,0,0
BRDA:65,0,1,2
BRDA:138,1,0,2
BRDA:138,1,1,2
BRDA:165,2,0,0
BRDA:165,2,1,2
BRDA:180,3,0,0
BRDA:180,3,1,2
BRDA:181,4,0,2
BRDA:181,4,1,0
BRF:10
BRH:6
end_of_record
TN:
SF:src/components/QueueSection/ClearButton/ClearButton.js
FN:5,ClearButton
FNF:1
FNH:0
FNDA:0,ClearButton
DA:6,0
LF:1
LH:0
BRDA:13,0,0,0
BRDA:13,0,1,0
BRF:2
BRH:0
end_of_record
TN:
SF:src/components/QueueSection/ConfirmClearDialog/ConfirmClearDialog.js
FN:11,ConfirmClearDialog
FN:14,handleClickYes
FN:18,handleClickNo
FNF:3
FNH:0
FNDA:0,ConfirmClearDialog
FNDA:0,handleClickYes
FNDA:0,handleClickNo
DA:12,0
DA:15,0
DA:19,0
DA:22,0
LF:4
LH:0
BRF:0
BRH:0
end_of_record
TN:
SF:src/components/QueueSection/DisplayModeButton/DisplayModeButton.js
FN:6,ShareButton
FN:7,handleClick
FNF:2
FNH:0
FNDA:0,ShareButton
FNDA:0,handleClick
DA:8,0
DA:9,0
DA:11,0
DA:14,0
LF:4
LH:0
BRDA:8,0,0,0
BRDA:8,0,1,0
BRDA:22,1,0,0
BRDA:22,1,1,0
BRDA:24,2,0,0
BRDA:24,2,1,0
BRF:6
BRH:0
end_of_record
TN:
SF:src/components/QueueSection/PlayQueueButton/PlayQueueButton.js
FN:5,ShareButton
FN:6,(anonymous_1)
FNF:2
FNH:0
FNDA:0,ShareButton
FNDA:0,(anonymous_1)
DA:6,0
DA:7,0
DA:10,0
LF:3
LH:0
BRDA:11,0,0,0
BRDA:11,0,1,0
BRDA:19,1,0,0
BRDA:19,1,1,0
BRF:4
BRH:0
end_of_record
TN:
SF:src/components/QueueSection/QueueCard/QueueCard.js
FN:20,(anonymous_0)
FN:44,ImgMediaCard
FN:60,(anonymous_2)
FN:62,(anonymous_3)
FN:70,(anonymous_4)
FN:110,(anonymous_5)
FN:126,(anonymous_6)
FNF:7
FNH:0
FNDA:0,(anonymous_0)
FNDA:0,ImgMediaCard
FNDA:0,(anonymous_2)
FNDA:0,(anonymous_3)
FNDA:0,(anonymous_4)
FNDA:0,(anonymous_5)
FNDA:0,(anonymous_6)
DA:18,2
DA:20,2
DA:56,0
DA:58,0
DA:60,0
DA:61,0
DA:63,0
DA:68,0
DA:71,0
DA:72,0
DA:74,0
DA:75,0
DA:77,0
DA:78,0
DA:81,0
DA:83,0
DA:85,0
DA:87,0
DA:92,0
DA:93,0
DA:96,0
DA:97,0
DA:100,0
DA:105,0
DA:108,0
DA:110,0
DA:114,0
DA:115,0
DA:117,0
DA:126,0
LF:30
LH:2
BRDA:71,0,0,0
BRDA:71,0,1,0
BRDA:77,1,0,0
BRDA:77,1,1,0
BRDA:92,2,0,0
BRDA:92,2,1,0
BRDA:92,3,0,0
BRDA:92,3,1,0
BRDA:96,4,0,0
BRDA:96,4,1,0
BRDA:96,5,0,0
BRDA:96,5,1,0
BRDA:114,6,0,0
BRDA:114,6,1,0
BRDA:122,7,0,0
BRDA:122,7,1,0
BRDA:122,8,0,0
BRDA:122,8,1,0
BRF:18
BRH:0
end_of_record
TN:
SF:src/components/QueueSection/QueueRow/QueueRow.js
FN:13,(anonymous_0)
FN:31,ImgMediaCard
FN:47,(anonymous_2)
FN:50,(anonymous_3)
FN:58,(anonymous_4)
FN:98,(anonymous_5)
FN:111,(anonymous_6)
FNF:7
FNH:0
FNDA:0,(anonymous_0)
FNDA:0,ImgMediaCard
FNDA:0,(anonymous_2)
FNDA:0,(anonymous_3)
FNDA:0,(anonymous_4)
FNDA:0,(anonymous_5)
FNDA:0,(anonymous_6)
DA:11,1
DA:13,1
DA:43,0
DA:45,0
DA:47,0
DA:48,0
DA:49,0
DA:51,0
DA:56,0
DA:59,0
DA:60,0
DA:62,0
DA:63,0
DA:65,0
DA:66,0
DA:69,0
DA:71,0
DA:73,0
DA:75,0
DA:80,0
DA:81,0
DA:84,0
DA:85,0
DA:88,0
DA:93,0
DA:96,0
DA:98,0
DA:103,0
DA:104,0
DA:106,0
DA:111,0
LF:31
LH:2
BRDA:59,0,0,0
BRDA:59,0,1,0
BRDA:65,1,0,0
BRDA:65,1,1,0
BRDA:80,2,0,0
BRDA:80,2,1,0
BRDA:80,3,0,0
BRDA:80,3,1,0
BRDA:84,4,0,0
BRDA:84,4,1,0
BRDA:84,5,0,0
BRDA:84,5,1,0
BRDA:103,6,0,0
BRDA:103,6,1,0
BRDA:116,7,0,0
BRDA:116,7,1,0
BRDA:116,8,0,0
BRDA:116,8,1,0
BRF:18
BRH:0
end_of_record
TN:
SF:src/components/QueueSection/SaveQueueButton/SaveQueueButton.js
FN:7,ShareButton
FN:8,handleClick
FNF:2
FNH:0
FNDA:0,ShareButton
FNDA:0,handleClick
DA:9,0
DA:17,0
LF:2
LH:0
BRDA:25,0,0,0
BRDA:25,0,1,0
BRF:2
BRH:0
end_of_record
TN:
SF:src/components/QueueSection/ShuffleButton/ShuffleButton.js
FN:6,ShareButton
FN:7,(anonymous_1)
FNF:2
FNH:0
FNDA:0,ShareButton
FNDA:0,(anonymous_1)
DA:7,0
DA:8,0
DA:10,0
DA:13,0
LF:4
LH:0
BRDA:15,0,0,0
BRDA:15,0,1,0
BRDA:23,1,0,0
BRDA:23,1,1,0
BRF:4
BRH:0
end_of_record
TN:
SF:src/components/SearchResults/GridView/GridView.js
FN:6,GridView
FN:23,(anonymous_1)
FN:30,(anonymous_2)
FNF:3
FNH:1
FNDA:1,GridView
FNDA:0,(anonymous_1)
FNDA:0,(anonymous_2)
DA:14,1
DA:23,0
DA:31,0
LF:3
LH:1
BRF:0
BRH:0
end_of_record
TN:
SF:src/components/SearchResults/GridView/ResultCard/ResultCard.js
FN:16,(anonymous_0)
FN:44,ResultCard
FN:54,(anonymous_2)
FN:62,handlePlayButton
FN:74,handleAddQueue
FNF:5
FNH:2
FNDA:1,(anonymous_0)
FNDA:1,ResultCard
FNDA:0,(anonymous_2)
FNDA:0,handlePlayButton
FNDA:0,handleAddQueue
DA:14,2
DA:16,2
DA:51,1
DA:52,1
DA:54,1
DA:55,0
DA:56,0
DA:58,0
DA:63,0
DA:65,0
DA:66,0
DA:67,0
DA:69,0
DA:70,0
DA:75,0
DA:76,0
DA:84,1
LF:17
LH:6
BRDA:55,0,0,0
BRDA:55,0,1,0
BRDA:55,1,0,0
BRDA:55,1,1,0
BRDA:65,2,0,0
BRDA:65,2,1,0
BRDA:87,3,0,1
BRDA:87,3,1,0
BRF:8
BRH:1
end_of_record
TN:
SF:src/components/SearchResults/GridView/ResultCard/AddToQueueButton/AddToQueueButton.js
FN:5,AddToQueueButton
FN:8,(anonymous_1)
FN:14,(anonymous_2)
FNF:3
FNH:1
FNDA:1,AddToQueueButton
FNDA:0,(anonymous_1)
FNDA:0,(anonymous_2)
DA:6,1
DA:8,1
DA:9,0
DA:10,0
DA:11,0
DA:14,1
DA:15,0
DA:16,0
DA:19,1
DA:20,1
LF:10
LH:5
BRF:0
BRH:0
end_of_record
TN:
SF:src/components/SearchResults/TableView/TableView.js
FN:17,TableView
FN:38,(anonymous_1)
FN:58,(anonymous_2)
FNF:3
FNH:1
FNDA:1,TableView
FNDA:0,(anonymous_1)
FNDA:0,(anonymous_2)
DA:25,1
DA:38,0
DA:59,0
LF:3
LH:1
BRF:0
BRH:0
end_of_record
TN:
SF:src/components/SearchResults/TableView/ResultRow/ResultRow.js
FN:24,ResultRow
FN:28,(anonymous_1)
FN:36,handlePlayButton
FN:48,handleAddQueue
FNF:4
FNH:1
FNDA:1,ResultRow
FNDA:0,(anonymous_1)
FNDA:0,handlePlayButton
FNDA:0,handleAddQueue
DA:9,2
DA:11,2
DA:25,1
DA:26,1
DA:28,1
DA:29,0
DA:30,0
DA:32,0
DA:37,0
DA:39,0
DA:40,0
DA:41,0
DA:43,0
DA:44,0
DA:49,0
DA:50,0
DA:58,1
LF:17
LH:6
BRDA:29,0,0,0
BRDA:29,0,1,0
BRDA:29,1,0,0
BRDA:29,1,1,0
BRDA:39,2,0,0
BRDA:39,2,1,0
BRDA:62,3,0,1
BRDA:62,3,1,0
BRF:8
BRH:1
end_of_record
TN:
SF:src/components/SearchResults/TableView/ResultRow/AddToQueueButton/AddToQueueButton.js
FN:5,AddToQueueButton
FN:8,(anonymous_1)
FN:14,(anonymous_2)
FNF:3
FNH:1
FNDA:1,AddToQueueButton
FNDA:0,(anonymous_1)
FNDA:0,(anonymous_2)
DA:6,1
DA:8,1
DA:9,0
DA:10,0
DA:11,0
DA:14,1
DA:15,0
DA:16,0
DA:19,1
DA:20,1
LF:10
LH:5
BRF:0
BRH:0
end_of_record
